2023-03-24 10:30:34 [main] DEBUG org.jboss.logging -
				Logging Provider: org.jboss.logging.Log4j2LoggerProvider
2023-03-24 10:30:34 [main] INFO  o.h.validator.internal.util.Version -
				HV000001: Hibernate Validator 8.0.0.Final
2023-03-24 10:30:34 [main] DEBUG o.h.v.m.ResourceBundleMessageInterpolator -
				Loaded expression factory via original TCCL
2023-03-24 10:30:34 [main] DEBUG o.h.v.i.e.AbstractConfigurationImpl -
				Setting custom MessageInterpolator of type org.springframework.validation.beanvalidation.LocaleContextMessageInterpolator
2023-03-24 10:30:34 [main] DEBUG o.h.v.i.x.config.ValidationXmlParser -
				Trying to load META-INF/validation.xml for XML based Validator configuration.
2023-03-24 10:30:34 [main] DEBUG o.h.v.i.x.c.ResourceLoaderHelper -
				Trying to load META-INF/validation.xml via TCCL
2023-03-24 10:30:34 [main] DEBUG o.h.v.i.x.c.ResourceLoaderHelper -
				Trying to load META-INF/validation.xml via Hibernate Validator's class loader
2023-03-24 10:30:34 [main] DEBUG o.h.v.i.x.config.ValidationXmlParser -
				No META-INF/validation.xml found. Using annotation based configuration only.
2023-03-24 10:30:34 [main] DEBUG o.h.v.i.e.r.TraversableResolvers -
				Cannot find jakarta.persistence.Persistence on classpath. Assuming non JPA 2 environment. All properties will per default be traversable.
2023-03-24 10:30:34 [main] DEBUG o.h.v.i.e.ValidatorFactoryConfigurationHelper -
				HV000252: Using org.hibernate.validator.internal.engine.DefaultPropertyNodeNameProvider as property node name provider.
2023-03-24 10:30:34 [main] DEBUG o.h.v.i.e.ValidatorFactoryConfigurationHelper -
				HV000234: Using org.springframework.validation.beanvalidation.LocaleContextMessageInterpolator as ValidatorFactory-scoped message interpolator.
2023-03-24 10:30:34 [main] DEBUG o.h.v.i.e.ValidatorFactoryConfigurationHelper -
				HV000234: Using org.hibernate.validator.internal.engine.resolver.TraverseAllTraversableResolver as ValidatorFactory-scoped traversable resolver.
2023-03-24 10:30:34 [main] DEBUG o.h.v.i.e.ValidatorFactoryConfigurationHelper -
				HV000234: Using org.hibernate.validator.internal.util.ExecutableParameterNameProvider as ValidatorFactory-scoped parameter name provider.
2023-03-24 10:30:34 [main] DEBUG o.h.v.i.e.ValidatorFactoryConfigurationHelper -
				HV000234: Using org.hibernate.validator.internal.engine.DefaultClockProvider as ValidatorFactory-scoped clock provider.
2023-03-24 10:30:34 [main] DEBUG o.h.v.i.e.ValidatorFactoryConfigurationHelper -
				HV000234: Using org.hibernate.validator.internal.engine.scripting.DefaultScriptEvaluatorFactory as ValidatorFactory-scoped script evaluator factory.
2023-03-24 10:30:34 [main] DEBUG _.s.w.s.HandlerMapping.Mappings -
				
	c.c.i.p.c.ProductPurchasedController:
	{DELETE [/api/v1/purchased/delete/{ppId}]}: deleteProductPurchased(String)
	{GET [/api/v1/purchased/view/client/{clientId}]}: getAllProductPurchasedByClientId(String)
	{GET [/api/v1/purchased/view/product/{productId}]}: getAllProductPurchasedByProductId(String)
	{GET [/api/v1/purchased/view/company/{companyId}]}: getAllProductPurchasedByCompanyId(String)
	{GET [/api/v1/purchased/view/id/{ppId}]}: getProductPurchasedByPPId(String)
	{PUT [/api/v1/purchased/update/{ppId}]}: updateProductPurchased(ProductPurchased,String)
	{GET [/api/v1/purchased/view/bundle/{bundleId}]}: getAllProductPurchasedByBundleId(String)
	{GET [/api/v1/purchased/viewAll]}: getAllProductPurchased()
	{POST [/api/v1/purchased/add]}: addProductPurchased(ProductPurchased)
	{GET [/api/v1/purchased/view/notbundle/client/{clientId}]}: getAllProductPurchasedByClientIdNotInBundles(String)
	{GET [/api/v1/purchased/view/bundle/{clientId}/{bundleId}]}: getALlProductPurchasedByClientIdAndBundleId(String,String)
	{GET [/api/v1/purchased/view/client/{clientId}/product/{productId}]}: getProductPurchasedByClientIdAndProductId(String,String)
	{GET [/api/v1/purchased/view/company/{companyId}/bundle/{bundleId}]}: getProductPurchasedByCompanyIdAndBundleId(String,String)
	{GET [/api/v1/purchased/view/client/{clientId}/date/{date}]}: getProductPurchasedByClientIdAndDate(String,LocalDate)
	{GET [/api/v1/purchased/view/company/{companyId}/product/{productId}]}: getProductPurchasedByCompanyIdAndProductId(String,String)
2023-03-24 10:30:34 [main] DEBUG o.s.w.s.m.m.a.RequestMappingHandlerMapping -
				15 mappings in org.springframework.web.servlet.mvc.method.annotation.RequestMappingHandlerMapping
2023-03-24 10:30:35 [main] DEBUG o.s.w.s.m.m.a.RequestMappingHandlerAdapter -
				ControllerAdvice beans: 0 @ModelAttribute, 0 @InitBinder, 1 RequestBodyAdvice, 1 ResponseBodyAdvice
2023-03-24 10:30:35 [main] DEBUG o.s.w.s.m.m.a.ExceptionHandlerExceptionResolver -
				ControllerAdvice beans: 0 @ExceptionHandler, 1 ResponseBodyAdvice
2023-03-24 10:30:35 [main] INFO  o.s.mock.web.MockServletContext -
				Initializing Spring TestDispatcherServlet ''
2023-03-24 10:30:35 [main] INFO  o.s.t.w.s.TestDispatcherServlet -
				Initializing Servlet ''
2023-03-24 10:30:35 [main] DEBUG o.s.t.w.s.TestDispatcherServlet -
				Detected AcceptHeaderLocaleResolver
2023-03-24 10:30:35 [main] DEBUG o.s.t.w.s.TestDispatcherServlet -
				Detected FixedThemeResolver
2023-03-24 10:30:35 [main] DEBUG o.s.t.w.s.TestDispatcherServlet -
				Detected org.springframework.web.servlet.view.DefaultRequestToViewNameTranslator@46039a21
2023-03-24 10:30:35 [main] DEBUG o.s.t.w.s.TestDispatcherServlet -
				Detected org.springframework.web.servlet.support.SessionFlashMapManager@431e86b1
2023-03-24 10:30:35 [main] DEBUG o.s.t.w.s.TestDispatcherServlet -
				enableLoggingRequestDetails='false': request parameters and headers will be masked to prevent unsafe logging of potentially sensitive data
2023-03-24 10:30:35 [main] INFO  o.s.t.w.s.TestDispatcherServlet -
				Completed initialization in 21 ms
2023-03-24 10:30:36 [main] DEBUG o.s.t.w.s.TestDispatcherServlet -
				PUT "/api/v1/purchased/update/ppId1", parameters={}
2023-03-24 10:30:36 [main] DEBUG o.s.w.s.m.m.a.RequestMappingHandlerMapping -
				Mapped to com.cgi.insurance.product_purchased_service.controller.ProductPurchasedController#updateProductPurchased(ProductPurchased, String)
2023-03-24 10:30:36 [main] DEBUG o.s.w.s.m.m.a.RequestResponseBodyMethodProcessor -
				Read "application/json" to [com.cgi.insurance.product_purchased_service.model.ProductPurchased@776015fc]
2023-03-24 10:30:36 [main] DEBUG o.s.w.s.m.m.a.HttpEntityMethodProcessor -
				Using 'application/json', given [*/*] and supported [application/json, application/*+json]
2023-03-24 10:30:36 [main] DEBUG o.s.w.s.m.m.a.HttpEntityMethodProcessor -
				Writing [com.cgi.insurance.product_purchased_service.model.ProductPurchased@79a201cf]
2023-03-24 10:30:36 [main] DEBUG o.s.t.w.s.TestDispatcherServlet -
				Completed 200 OK
2023-03-24 10:30:36 [main] DEBUG o.h.v.m.ResourceBundleMessageInterpolator -
				Loaded expression factory via original TCCL
2023-03-24 10:30:36 [main] DEBUG o.h.v.i.e.AbstractConfigurationImpl -
				Setting custom MessageInterpolator of type org.springframework.validation.beanvalidation.LocaleContextMessageInterpolator
2023-03-24 10:30:36 [main] DEBUG o.h.v.i.x.config.ValidationXmlParser -
				Trying to load META-INF/validation.xml for XML based Validator configuration.
2023-03-24 10:30:36 [main] DEBUG o.h.v.i.x.c.ResourceLoaderHelper -
				Trying to load META-INF/validation.xml via TCCL
2023-03-24 10:30:36 [main] DEBUG o.h.v.i.x.c.ResourceLoaderHelper -
				Trying to load META-INF/validation.xml via Hibernate Validator's class loader
2023-03-24 10:30:36 [main] DEBUG o.h.v.i.x.config.ValidationXmlParser -
				No META-INF/validation.xml found. Using annotation based configuration only.
2023-03-24 10:30:36 [main] DEBUG o.h.v.i.e.r.TraversableResolvers -
				Cannot find jakarta.persistence.Persistence on classpath. Assuming non JPA 2 environment. All properties will per default be traversable.
2023-03-24 10:30:36 [main] DEBUG o.h.v.i.e.ValidatorFactoryConfigurationHelper -
				HV000252: Using org.hibernate.validator.internal.engine.DefaultPropertyNodeNameProvider as property node name provider.
2023-03-24 10:30:36 [main] DEBUG o.h.v.i.e.ValidatorFactoryConfigurationHelper -
				HV000234: Using org.springframework.validation.beanvalidation.LocaleContextMessageInterpolator as ValidatorFactory-scoped message interpolator.
2023-03-24 10:30:36 [main] DEBUG o.h.v.i.e.ValidatorFactoryConfigurationHelper -
				HV000234: Using org.hibernate.validator.internal.engine.resolver.TraverseAllTraversableResolver as ValidatorFactory-scoped traversable resolver.
2023-03-24 10:30:36 [main] DEBUG o.h.v.i.e.ValidatorFactoryConfigurationHelper -
				HV000234: Using org.hibernate.validator.internal.util.ExecutableParameterNameProvider as ValidatorFactory-scoped parameter name provider.
2023-03-24 10:30:36 [main] DEBUG o.h.v.i.e.ValidatorFactoryConfigurationHelper -
				HV000234: Using org.hibernate.validator.internal.engine.DefaultClockProvider as ValidatorFactory-scoped clock provider.
2023-03-24 10:30:36 [main] DEBUG o.h.v.i.e.ValidatorFactoryConfigurationHelper -
				HV000234: Using org.hibernate.validator.internal.engine.scripting.DefaultScriptEvaluatorFactory as ValidatorFactory-scoped script evaluator factory.
2023-03-24 10:30:36 [main] DEBUG _.s.w.s.HandlerMapping.Mappings -
				
	c.c.i.p.c.ProductPurchasedController:
	{DELETE [/api/v1/purchased/delete/{ppId}]}: deleteProductPurchased(String)
	{GET [/api/v1/purchased/view/client/{clientId}]}: getAllProductPurchasedByClientId(String)
	{GET [/api/v1/purchased/view/product/{productId}]}: getAllProductPurchasedByProductId(String)
	{GET [/api/v1/purchased/view/company/{companyId}]}: getAllProductPurchasedByCompanyId(String)
	{GET [/api/v1/purchased/view/id/{ppId}]}: getProductPurchasedByPPId(String)
	{PUT [/api/v1/purchased/update/{ppId}]}: updateProductPurchased(ProductPurchased,String)
	{GET [/api/v1/purchased/view/bundle/{bundleId}]}: getAllProductPurchasedByBundleId(String)
	{GET [/api/v1/purchased/viewAll]}: getAllProductPurchased()
	{POST [/api/v1/purchased/add]}: addProductPurchased(ProductPurchased)
	{GET [/api/v1/purchased/view/notbundle/client/{clientId}]}: getAllProductPurchasedByClientIdNotInBundles(String)
	{GET [/api/v1/purchased/view/bundle/{clientId}/{bundleId}]}: getALlProductPurchasedByClientIdAndBundleId(String,String)
	{GET [/api/v1/purchased/view/client/{clientId}/product/{productId}]}: getProductPurchasedByClientIdAndProductId(String,String)
	{GET [/api/v1/purchased/view/company/{companyId}/bundle/{bundleId}]}: getProductPurchasedByCompanyIdAndBundleId(String,String)
	{GET [/api/v1/purchased/view/client/{clientId}/date/{date}]}: getProductPurchasedByClientIdAndDate(String,LocalDate)
	{GET [/api/v1/purchased/view/company/{companyId}/product/{productId}]}: getProductPurchasedByCompanyIdAndProductId(String,String)
2023-03-24 10:30:36 [main] DEBUG o.s.w.s.m.m.a.RequestMappingHandlerMapping -
				15 mappings in org.springframework.web.servlet.mvc.method.annotation.RequestMappingHandlerMapping
2023-03-24 10:30:36 [main] DEBUG o.s.w.s.m.m.a.RequestMappingHandlerAdapter -
				ControllerAdvice beans: 0 @ModelAttribute, 0 @InitBinder, 1 RequestBodyAdvice, 1 ResponseBodyAdvice
2023-03-24 10:30:36 [main] DEBUG o.s.w.s.m.m.a.ExceptionHandlerExceptionResolver -
				ControllerAdvice beans: 0 @ExceptionHandler, 1 ResponseBodyAdvice
2023-03-24 10:30:36 [main] INFO  o.s.mock.web.MockServletContext -
				Initializing Spring TestDispatcherServlet ''
2023-03-24 10:30:36 [main] INFO  o.s.t.w.s.TestDispatcherServlet -
				Initializing Servlet ''
2023-03-24 10:30:36 [main] DEBUG o.s.t.w.s.TestDispatcherServlet -
				Detected AcceptHeaderLocaleResolver
2023-03-24 10:30:36 [main] DEBUG o.s.t.w.s.TestDispatcherServlet -
				Detected FixedThemeResolver
2023-03-24 10:30:36 [main] DEBUG o.s.t.w.s.TestDispatcherServlet -
				Detected org.springframework.web.servlet.view.DefaultRequestToViewNameTranslator@69c532af
2023-03-24 10:30:36 [main] DEBUG o.s.t.w.s.TestDispatcherServlet -
				Detected org.springframework.web.servlet.support.SessionFlashMapManager@45a1d057
2023-03-24 10:30:36 [main] DEBUG o.s.t.w.s.TestDispatcherServlet -
				enableLoggingRequestDetails='false': request parameters and headers will be masked to prevent unsafe logging of potentially sensitive data
2023-03-24 10:30:36 [main] INFO  o.s.t.w.s.TestDispatcherServlet -
				Completed initialization in 7 ms
2023-03-24 10:30:36 [main] DEBUG o.s.t.w.s.TestDispatcherServlet -
				GET "/api/v1/purchased/view/client/clien1/date/2023-03-24", parameters={}
2023-03-24 10:30:36 [main] DEBUG o.s.w.s.m.m.a.RequestMappingHandlerMapping -
				Mapped to com.cgi.insurance.product_purchased_service.controller.ProductPurchasedController#getProductPurchasedByClientIdAndDate(String, LocalDate)
2023-03-24 10:30:37 [main] DEBUG o.s.w.s.m.m.a.HttpEntityMethodProcessor -
				Using 'application/json', given [*/*] and supported [application/json, application/*+json]
2023-03-24 10:30:37 [main] DEBUG o.s.w.s.m.m.a.HttpEntityMethodProcessor -
				Writing [[com.cgi.insurance.product_purchased_service.model.ProductPurchased@798deee8]]
2023-03-24 10:30:37 [main] DEBUG o.s.t.w.s.TestDispatcherServlet -
				Completed 200 OK
2023-03-24 10:30:37 [main] DEBUG o.h.v.m.ResourceBundleMessageInterpolator -
				Loaded expression factory via original TCCL
2023-03-24 10:30:37 [main] DEBUG o.h.v.i.e.AbstractConfigurationImpl -
				Setting custom MessageInterpolator of type org.springframework.validation.beanvalidation.LocaleContextMessageInterpolator
2023-03-24 10:30:37 [main] DEBUG o.h.v.i.x.config.ValidationXmlParser -
				Trying to load META-INF/validation.xml for XML based Validator configuration.
2023-03-24 10:30:37 [main] DEBUG o.h.v.i.x.c.ResourceLoaderHelper -
				Trying to load META-INF/validation.xml via TCCL
2023-03-24 10:30:37 [main] DEBUG o.h.v.i.x.c.ResourceLoaderHelper -
				Trying to load META-INF/validation.xml via Hibernate Validator's class loader
2023-03-24 10:30:37 [main] DEBUG o.h.v.i.x.config.ValidationXmlParser -
				No META-INF/validation.xml found. Using annotation based configuration only.
2023-03-24 10:30:37 [main] DEBUG o.h.v.i.e.r.TraversableResolvers -
				Cannot find jakarta.persistence.Persistence on classpath. Assuming non JPA 2 environment. All properties will per default be traversable.
2023-03-24 10:30:37 [main] DEBUG o.h.v.i.e.ValidatorFactoryConfigurationHelper -
				HV000252: Using org.hibernate.validator.internal.engine.DefaultPropertyNodeNameProvider as property node name provider.
2023-03-24 10:30:37 [main] DEBUG o.h.v.i.e.ValidatorFactoryConfigurationHelper -
				HV000234: Using org.springframework.validation.beanvalidation.LocaleContextMessageInterpolator as ValidatorFactory-scoped message interpolator.
2023-03-24 10:30:37 [main] DEBUG o.h.v.i.e.ValidatorFactoryConfigurationHelper -
				HV000234: Using org.hibernate.validator.internal.engine.resolver.TraverseAllTraversableResolver as ValidatorFactory-scoped traversable resolver.
2023-03-24 10:30:37 [main] DEBUG o.h.v.i.e.ValidatorFactoryConfigurationHelper -
				HV000234: Using org.hibernate.validator.internal.util.ExecutableParameterNameProvider as ValidatorFactory-scoped parameter name provider.
2023-03-24 10:30:37 [main] DEBUG o.h.v.i.e.ValidatorFactoryConfigurationHelper -
				HV000234: Using org.hibernate.validator.internal.engine.DefaultClockProvider as ValidatorFactory-scoped clock provider.
2023-03-24 10:30:37 [main] DEBUG o.h.v.i.e.ValidatorFactoryConfigurationHelper -
				HV000234: Using org.hibernate.validator.internal.engine.scripting.DefaultScriptEvaluatorFactory as ValidatorFactory-scoped script evaluator factory.
2023-03-24 10:30:37 [main] DEBUG _.s.w.s.HandlerMapping.Mappings -
				
	c.c.i.p.c.ProductPurchasedController:
	{DELETE [/api/v1/purchased/delete/{ppId}]}: deleteProductPurchased(String)
	{GET [/api/v1/purchased/view/client/{clientId}]}: getAllProductPurchasedByClientId(String)
	{GET [/api/v1/purchased/view/product/{productId}]}: getAllProductPurchasedByProductId(String)
	{GET [/api/v1/purchased/view/company/{companyId}]}: getAllProductPurchasedByCompanyId(String)
	{GET [/api/v1/purchased/view/id/{ppId}]}: getProductPurchasedByPPId(String)
	{PUT [/api/v1/purchased/update/{ppId}]}: updateProductPurchased(ProductPurchased,String)
	{GET [/api/v1/purchased/view/bundle/{bundleId}]}: getAllProductPurchasedByBundleId(String)
	{GET [/api/v1/purchased/viewAll]}: getAllProductPurchased()
	{POST [/api/v1/purchased/add]}: addProductPurchased(ProductPurchased)
	{GET [/api/v1/purchased/view/notbundle/client/{clientId}]}: getAllProductPurchasedByClientIdNotInBundles(String)
	{GET [/api/v1/purchased/view/bundle/{clientId}/{bundleId}]}: getALlProductPurchasedByClientIdAndBundleId(String,String)
	{GET [/api/v1/purchased/view/client/{clientId}/product/{productId}]}: getProductPurchasedByClientIdAndProductId(String,String)
	{GET [/api/v1/purchased/view/company/{companyId}/bundle/{bundleId}]}: getProductPurchasedByCompanyIdAndBundleId(String,String)
	{GET [/api/v1/purchased/view/client/{clientId}/date/{date}]}: getProductPurchasedByClientIdAndDate(String,LocalDate)
	{GET [/api/v1/purchased/view/company/{companyId}/product/{productId}]}: getProductPurchasedByCompanyIdAndProductId(String,String)
2023-03-24 10:30:37 [main] DEBUG o.s.w.s.m.m.a.RequestMappingHandlerMapping -
				15 mappings in org.springframework.web.servlet.mvc.method.annotation.RequestMappingHandlerMapping
2023-03-24 10:30:37 [main] DEBUG o.s.w.s.m.m.a.RequestMappingHandlerAdapter -
				ControllerAdvice beans: 0 @ModelAttribute, 0 @InitBinder, 1 RequestBodyAdvice, 1 ResponseBodyAdvice
2023-03-24 10:30:37 [main] DEBUG o.s.w.s.m.m.a.ExceptionHandlerExceptionResolver -
				ControllerAdvice beans: 0 @ExceptionHandler, 1 ResponseBodyAdvice
2023-03-24 10:30:37 [main] INFO  o.s.mock.web.MockServletContext -
				Initializing Spring TestDispatcherServlet ''
2023-03-24 10:30:37 [main] INFO  o.s.t.w.s.TestDispatcherServlet -
				Initializing Servlet ''
2023-03-24 10:30:37 [main] DEBUG o.s.t.w.s.TestDispatcherServlet -
				Detected AcceptHeaderLocaleResolver
2023-03-24 10:30:37 [main] DEBUG o.s.t.w.s.TestDispatcherServlet -
				Detected FixedThemeResolver
2023-03-24 10:30:37 [main] DEBUG o.s.t.w.s.TestDispatcherServlet -
				Detected org.springframework.web.servlet.view.DefaultRequestToViewNameTranslator@5729b410
2023-03-24 10:30:37 [main] DEBUG o.s.t.w.s.TestDispatcherServlet -
				Detected org.springframework.web.servlet.support.SessionFlashMapManager@64518270
2023-03-24 10:30:37 [main] DEBUG o.s.t.w.s.TestDispatcherServlet -
				enableLoggingRequestDetails='false': request parameters and headers will be masked to prevent unsafe logging of potentially sensitive data
2023-03-24 10:30:37 [main] INFO  o.s.t.w.s.TestDispatcherServlet -
				Completed initialization in 3 ms
2023-03-24 10:30:37 [main] DEBUG o.s.t.w.s.TestDispatcherServlet -
				GET "/api/v1/purchased/view/company/comp1/bundle/bundle1", parameters={}
2023-03-24 10:30:37 [main] DEBUG o.s.w.s.m.m.a.RequestMappingHandlerMapping -
				Mapped to com.cgi.insurance.product_purchased_service.controller.ProductPurchasedController#getProductPurchasedByCompanyIdAndBundleId(String, String)
2023-03-24 10:30:37 [main] DEBUG o.s.w.s.m.m.a.HttpEntityMethodProcessor -
				Using 'application/json', given [*/*] and supported [application/json, application/*+json]
2023-03-24 10:30:37 [main] DEBUG o.s.w.s.m.m.a.HttpEntityMethodProcessor -
				Writing [[com.cgi.insurance.product_purchased_service.model.ProductPurchased@3b7c58e7]]
2023-03-24 10:30:37 [main] DEBUG o.s.t.w.s.TestDispatcherServlet -
				Completed 200 OK
2023-03-24 10:30:37 [main] DEBUG o.h.v.m.ResourceBundleMessageInterpolator -
				Loaded expression factory via original TCCL
2023-03-24 10:30:37 [main] DEBUG o.h.v.i.e.AbstractConfigurationImpl -
				Setting custom MessageInterpolator of type org.springframework.validation.beanvalidation.LocaleContextMessageInterpolator
2023-03-24 10:30:37 [main] DEBUG o.h.v.i.x.config.ValidationXmlParser -
				Trying to load META-INF/validation.xml for XML based Validator configuration.
2023-03-24 10:30:37 [main] DEBUG o.h.v.i.x.c.ResourceLoaderHelper -
				Trying to load META-INF/validation.xml via TCCL
2023-03-24 10:30:37 [main] DEBUG o.h.v.i.x.c.ResourceLoaderHelper -
				Trying to load META-INF/validation.xml via Hibernate Validator's class loader
2023-03-24 10:30:37 [main] DEBUG o.h.v.i.x.config.ValidationXmlParser -
				No META-INF/validation.xml found. Using annotation based configuration only.
2023-03-24 10:30:37 [main] DEBUG o.h.v.i.e.r.TraversableResolvers -
				Cannot find jakarta.persistence.Persistence on classpath. Assuming non JPA 2 environment. All properties will per default be traversable.
2023-03-24 10:30:37 [main] DEBUG o.h.v.i.e.ValidatorFactoryConfigurationHelper -
				HV000252: Using org.hibernate.validator.internal.engine.DefaultPropertyNodeNameProvider as property node name provider.
2023-03-24 10:30:37 [main] DEBUG o.h.v.i.e.ValidatorFactoryConfigurationHelper -
				HV000234: Using org.springframework.validation.beanvalidation.LocaleContextMessageInterpolator as ValidatorFactory-scoped message interpolator.
2023-03-24 10:30:37 [main] DEBUG o.h.v.i.e.ValidatorFactoryConfigurationHelper -
				HV000234: Using org.hibernate.validator.internal.engine.resolver.TraverseAllTraversableResolver as ValidatorFactory-scoped traversable resolver.
2023-03-24 10:30:37 [main] DEBUG o.h.v.i.e.ValidatorFactoryConfigurationHelper -
				HV000234: Using org.hibernate.validator.internal.util.ExecutableParameterNameProvider as ValidatorFactory-scoped parameter name provider.
2023-03-24 10:30:37 [main] DEBUG o.h.v.i.e.ValidatorFactoryConfigurationHelper -
				HV000234: Using org.hibernate.validator.internal.engine.DefaultClockProvider as ValidatorFactory-scoped clock provider.
2023-03-24 10:30:37 [main] DEBUG o.h.v.i.e.ValidatorFactoryConfigurationHelper -
				HV000234: Using org.hibernate.validator.internal.engine.scripting.DefaultScriptEvaluatorFactory as ValidatorFactory-scoped script evaluator factory.
2023-03-24 10:30:37 [main] DEBUG _.s.w.s.HandlerMapping.Mappings -
				
	c.c.i.p.c.ProductPurchasedController:
	{DELETE [/api/v1/purchased/delete/{ppId}]}: deleteProductPurchased(String)
	{GET [/api/v1/purchased/view/client/{clientId}]}: getAllProductPurchasedByClientId(String)
	{GET [/api/v1/purchased/view/product/{productId}]}: getAllProductPurchasedByProductId(String)
	{GET [/api/v1/purchased/view/company/{companyId}]}: getAllProductPurchasedByCompanyId(String)
	{GET [/api/v1/purchased/view/id/{ppId}]}: getProductPurchasedByPPId(String)
	{PUT [/api/v1/purchased/update/{ppId}]}: updateProductPurchased(ProductPurchased,String)
	{GET [/api/v1/purchased/view/bundle/{bundleId}]}: getAllProductPurchasedByBundleId(String)
	{GET [/api/v1/purchased/viewAll]}: getAllProductPurchased()
	{POST [/api/v1/purchased/add]}: addProductPurchased(ProductPurchased)
	{GET [/api/v1/purchased/view/notbundle/client/{clientId}]}: getAllProductPurchasedByClientIdNotInBundles(String)
	{GET [/api/v1/purchased/view/bundle/{clientId}/{bundleId}]}: getALlProductPurchasedByClientIdAndBundleId(String,String)
	{GET [/api/v1/purchased/view/client/{clientId}/product/{productId}]}: getProductPurchasedByClientIdAndProductId(String,String)
	{GET [/api/v1/purchased/view/company/{companyId}/bundle/{bundleId}]}: getProductPurchasedByCompanyIdAndBundleId(String,String)
	{GET [/api/v1/purchased/view/client/{clientId}/date/{date}]}: getProductPurchasedByClientIdAndDate(String,LocalDate)
	{GET [/api/v1/purchased/view/company/{companyId}/product/{productId}]}: getProductPurchasedByCompanyIdAndProductId(String,String)
2023-03-24 10:30:37 [main] DEBUG o.s.w.s.m.m.a.RequestMappingHandlerMapping -
				15 mappings in org.springframework.web.servlet.mvc.method.annotation.RequestMappingHandlerMapping
2023-03-24 10:30:37 [main] DEBUG o.s.w.s.m.m.a.RequestMappingHandlerAdapter -
				ControllerAdvice beans: 0 @ModelAttribute, 0 @InitBinder, 1 RequestBodyAdvice, 1 ResponseBodyAdvice
2023-03-24 10:30:37 [main] DEBUG o.s.w.s.m.m.a.ExceptionHandlerExceptionResolver -
				ControllerAdvice beans: 0 @ExceptionHandler, 1 ResponseBodyAdvice
2023-03-24 10:30:37 [main] INFO  o.s.mock.web.MockServletContext -
				Initializing Spring TestDispatcherServlet ''
2023-03-24 10:30:37 [main] INFO  o.s.t.w.s.TestDispatcherServlet -
				Initializing Servlet ''
2023-03-24 10:30:37 [main] DEBUG o.s.t.w.s.TestDispatcherServlet -
				Detected AcceptHeaderLocaleResolver
2023-03-24 10:30:37 [main] DEBUG o.s.t.w.s.TestDispatcherServlet -
				Detected FixedThemeResolver
2023-03-24 10:30:37 [main] DEBUG o.s.t.w.s.TestDispatcherServlet -
				Detected org.springframework.web.servlet.view.DefaultRequestToViewNameTranslator@61f377d1
2023-03-24 10:30:37 [main] DEBUG o.s.t.w.s.TestDispatcherServlet -
				Detected org.springframework.web.servlet.support.SessionFlashMapManager@6c538eb2
2023-03-24 10:30:37 [main] DEBUG o.s.t.w.s.TestDispatcherServlet -
				enableLoggingRequestDetails='false': request parameters and headers will be masked to prevent unsafe logging of potentially sensitive data
2023-03-24 10:30:37 [main] INFO  o.s.t.w.s.TestDispatcherServlet -
				Completed initialization in 4 ms
2023-03-24 10:30:37 [main] DEBUG o.s.t.w.s.TestDispatcherServlet -
				GET "/api/v1/purchased/view/product/product1", parameters={}
2023-03-24 10:30:37 [main] DEBUG o.s.w.s.m.m.a.RequestMappingHandlerMapping -
				Mapped to com.cgi.insurance.product_purchased_service.controller.ProductPurchasedController#getAllProductPurchasedByProductId(String)
2023-03-24 10:30:37 [main] DEBUG o.s.w.s.m.m.a.HttpEntityMethodProcessor -
				Using 'application/json', given [*/*] and supported [application/json, application/*+json]
2023-03-24 10:30:37 [main] DEBUG o.s.w.s.m.m.a.HttpEntityMethodProcessor -
				Writing [[com.cgi.insurance.product_purchased_service.model.ProductPurchased@63f40ca0]]
2023-03-24 10:30:37 [main] DEBUG o.s.t.w.s.TestDispatcherServlet -
				Completed 200 OK
2023-03-24 10:30:37 [main] DEBUG o.h.v.m.ResourceBundleMessageInterpolator -
				Loaded expression factory via original TCCL
2023-03-24 10:30:37 [main] DEBUG o.h.v.i.e.AbstractConfigurationImpl -
				Setting custom MessageInterpolator of type org.springframework.validation.beanvalidation.LocaleContextMessageInterpolator
2023-03-24 10:30:37 [main] DEBUG o.h.v.i.x.config.ValidationXmlParser -
				Trying to load META-INF/validation.xml for XML based Validator configuration.
2023-03-24 10:30:37 [main] DEBUG o.h.v.i.x.c.ResourceLoaderHelper -
				Trying to load META-INF/validation.xml via TCCL
2023-03-24 10:30:37 [main] DEBUG o.h.v.i.x.c.ResourceLoaderHelper -
				Trying to load META-INF/validation.xml via Hibernate Validator's class loader
2023-03-24 10:30:37 [main] DEBUG o.h.v.i.x.config.ValidationXmlParser -
				No META-INF/validation.xml found. Using annotation based configuration only.
2023-03-24 10:30:37 [main] DEBUG o.h.v.i.e.r.TraversableResolvers -
				Cannot find jakarta.persistence.Persistence on classpath. Assuming non JPA 2 environment. All properties will per default be traversable.
2023-03-24 10:30:37 [main] DEBUG o.h.v.i.e.ValidatorFactoryConfigurationHelper -
				HV000252: Using org.hibernate.validator.internal.engine.DefaultPropertyNodeNameProvider as property node name provider.
2023-03-24 10:30:37 [main] DEBUG o.h.v.i.e.ValidatorFactoryConfigurationHelper -
				HV000234: Using org.springframework.validation.beanvalidation.LocaleContextMessageInterpolator as ValidatorFactory-scoped message interpolator.
2023-03-24 10:30:37 [main] DEBUG o.h.v.i.e.ValidatorFactoryConfigurationHelper -
				HV000234: Using org.hibernate.validator.internal.engine.resolver.TraverseAllTraversableResolver as ValidatorFactory-scoped traversable resolver.
2023-03-24 10:30:37 [main] DEBUG o.h.v.i.e.ValidatorFactoryConfigurationHelper -
				HV000234: Using org.hibernate.validator.internal.util.ExecutableParameterNameProvider as ValidatorFactory-scoped parameter name provider.
2023-03-24 10:30:37 [main] DEBUG o.h.v.i.e.ValidatorFactoryConfigurationHelper -
				HV000234: Using org.hibernate.validator.internal.engine.DefaultClockProvider as ValidatorFactory-scoped clock provider.
2023-03-24 10:30:37 [main] DEBUG o.h.v.i.e.ValidatorFactoryConfigurationHelper -
				HV000234: Using org.hibernate.validator.internal.engine.scripting.DefaultScriptEvaluatorFactory as ValidatorFactory-scoped script evaluator factory.
2023-03-24 10:30:37 [main] DEBUG _.s.w.s.HandlerMapping.Mappings -
				
	c.c.i.p.c.ProductPurchasedController:
	{DELETE [/api/v1/purchased/delete/{ppId}]}: deleteProductPurchased(String)
	{GET [/api/v1/purchased/view/client/{clientId}]}: getAllProductPurchasedByClientId(String)
	{GET [/api/v1/purchased/view/product/{productId}]}: getAllProductPurchasedByProductId(String)
	{GET [/api/v1/purchased/view/company/{companyId}]}: getAllProductPurchasedByCompanyId(String)
	{GET [/api/v1/purchased/view/id/{ppId}]}: getProductPurchasedByPPId(String)
	{PUT [/api/v1/purchased/update/{ppId}]}: updateProductPurchased(ProductPurchased,String)
	{GET [/api/v1/purchased/view/bundle/{bundleId}]}: getAllProductPurchasedByBundleId(String)
	{GET [/api/v1/purchased/viewAll]}: getAllProductPurchased()
	{POST [/api/v1/purchased/add]}: addProductPurchased(ProductPurchased)
	{GET [/api/v1/purchased/view/notbundle/client/{clientId}]}: getAllProductPurchasedByClientIdNotInBundles(String)
	{GET [/api/v1/purchased/view/bundle/{clientId}/{bundleId}]}: getALlProductPurchasedByClientIdAndBundleId(String,String)
	{GET [/api/v1/purchased/view/client/{clientId}/product/{productId}]}: getProductPurchasedByClientIdAndProductId(String,String)
	{GET [/api/v1/purchased/view/company/{companyId}/bundle/{bundleId}]}: getProductPurchasedByCompanyIdAndBundleId(String,String)
	{GET [/api/v1/purchased/view/client/{clientId}/date/{date}]}: getProductPurchasedByClientIdAndDate(String,LocalDate)
	{GET [/api/v1/purchased/view/company/{companyId}/product/{productId}]}: getProductPurchasedByCompanyIdAndProductId(String,String)
2023-03-24 10:30:37 [main] DEBUG o.s.w.s.m.m.a.RequestMappingHandlerMapping -
				15 mappings in org.springframework.web.servlet.mvc.method.annotation.RequestMappingHandlerMapping
2023-03-24 10:30:37 [main] DEBUG o.s.w.s.m.m.a.RequestMappingHandlerAdapter -
				ControllerAdvice beans: 0 @ModelAttribute, 0 @InitBinder, 1 RequestBodyAdvice, 1 ResponseBodyAdvice
2023-03-24 10:30:37 [main] DEBUG o.s.w.s.m.m.a.ExceptionHandlerExceptionResolver -
				ControllerAdvice beans: 0 @ExceptionHandler, 1 ResponseBodyAdvice
2023-03-24 10:30:37 [main] INFO  o.s.mock.web.MockServletContext -
				Initializing Spring TestDispatcherServlet ''
2023-03-24 10:30:37 [main] INFO  o.s.t.w.s.TestDispatcherServlet -
				Initializing Servlet ''
2023-03-24 10:30:37 [main] DEBUG o.s.t.w.s.TestDispatcherServlet -
				Detected AcceptHeaderLocaleResolver
2023-03-24 10:30:37 [main] DEBUG o.s.t.w.s.TestDispatcherServlet -
				Detected FixedThemeResolver
2023-03-24 10:30:37 [main] DEBUG o.s.t.w.s.TestDispatcherServlet -
				Detected org.springframework.web.servlet.view.DefaultRequestToViewNameTranslator@2415e4c7
2023-03-24 10:30:37 [main] DEBUG o.s.t.w.s.TestDispatcherServlet -
				Detected org.springframework.web.servlet.support.SessionFlashMapManager@72ce812e
2023-03-24 10:30:37 [main] DEBUG o.s.t.w.s.TestDispatcherServlet -
				enableLoggingRequestDetails='false': request parameters and headers will be masked to prevent unsafe logging of potentially sensitive data
2023-03-24 10:30:37 [main] INFO  o.s.t.w.s.TestDispatcherServlet -
				Completed initialization in 3 ms
2023-03-24 10:30:37 [main] DEBUG o.s.t.w.s.TestDispatcherServlet -
				GET "/api/v1/purchased/view/client/clien1/product/product1", parameters={}
2023-03-24 10:30:37 [main] DEBUG o.s.w.s.m.m.a.RequestMappingHandlerMapping -
				Mapped to com.cgi.insurance.product_purchased_service.controller.ProductPurchasedController#getProductPurchasedByClientIdAndProductId(String, String)
2023-03-24 10:30:37 [main] DEBUG o.s.w.s.m.m.a.HttpEntityMethodProcessor -
				Using 'application/json', given [*/*] and supported [application/json, application/*+json]
2023-03-24 10:30:37 [main] DEBUG o.s.w.s.m.m.a.HttpEntityMethodProcessor -
				Writing [[com.cgi.insurance.product_purchased_service.model.ProductPurchased@373afd6c]]
2023-03-24 10:30:37 [main] DEBUG o.s.t.w.s.TestDispatcherServlet -
				Completed 200 OK
2023-03-24 10:30:37 [main] DEBUG o.h.v.m.ResourceBundleMessageInterpolator -
				Loaded expression factory via original TCCL
2023-03-24 10:30:37 [main] DEBUG o.h.v.i.e.AbstractConfigurationImpl -
				Setting custom MessageInterpolator of type org.springframework.validation.beanvalidation.LocaleContextMessageInterpolator
2023-03-24 10:30:37 [main] DEBUG o.h.v.i.x.config.ValidationXmlParser -
				Trying to load META-INF/validation.xml for XML based Validator configuration.
2023-03-24 10:30:37 [main] DEBUG o.h.v.i.x.c.ResourceLoaderHelper -
				Trying to load META-INF/validation.xml via TCCL
2023-03-24 10:30:37 [main] DEBUG o.h.v.i.x.c.ResourceLoaderHelper -
				Trying to load META-INF/validation.xml via Hibernate Validator's class loader
2023-03-24 10:30:37 [main] DEBUG o.h.v.i.x.config.ValidationXmlParser -
				No META-INF/validation.xml found. Using annotation based configuration only.
2023-03-24 10:30:37 [main] DEBUG o.h.v.i.e.r.TraversableResolvers -
				Cannot find jakarta.persistence.Persistence on classpath. Assuming non JPA 2 environment. All properties will per default be traversable.
2023-03-24 10:30:37 [main] DEBUG o.h.v.i.e.ValidatorFactoryConfigurationHelper -
				HV000252: Using org.hibernate.validator.internal.engine.DefaultPropertyNodeNameProvider as property node name provider.
2023-03-24 10:30:37 [main] DEBUG o.h.v.i.e.ValidatorFactoryConfigurationHelper -
				HV000234: Using org.springframework.validation.beanvalidation.LocaleContextMessageInterpolator as ValidatorFactory-scoped message interpolator.
2023-03-24 10:30:37 [main] DEBUG o.h.v.i.e.ValidatorFactoryConfigurationHelper -
				HV000234: Using org.hibernate.validator.internal.engine.resolver.TraverseAllTraversableResolver as ValidatorFactory-scoped traversable resolver.
2023-03-24 10:30:37 [main] DEBUG o.h.v.i.e.ValidatorFactoryConfigurationHelper -
				HV000234: Using org.hibernate.validator.internal.util.ExecutableParameterNameProvider as ValidatorFactory-scoped parameter name provider.
2023-03-24 10:30:37 [main] DEBUG o.h.v.i.e.ValidatorFactoryConfigurationHelper -
				HV000234: Using org.hibernate.validator.internal.engine.DefaultClockProvider as ValidatorFactory-scoped clock provider.
2023-03-24 10:30:37 [main] DEBUG o.h.v.i.e.ValidatorFactoryConfigurationHelper -
				HV000234: Using org.hibernate.validator.internal.engine.scripting.DefaultScriptEvaluatorFactory as ValidatorFactory-scoped script evaluator factory.
2023-03-24 10:30:37 [main] DEBUG _.s.w.s.HandlerMapping.Mappings -
				
	c.c.i.p.c.ProductPurchasedController:
	{DELETE [/api/v1/purchased/delete/{ppId}]}: deleteProductPurchased(String)
	{GET [/api/v1/purchased/view/client/{clientId}]}: getAllProductPurchasedByClientId(String)
	{GET [/api/v1/purchased/view/product/{productId}]}: getAllProductPurchasedByProductId(String)
	{GET [/api/v1/purchased/view/company/{companyId}]}: getAllProductPurchasedByCompanyId(String)
	{GET [/api/v1/purchased/view/id/{ppId}]}: getProductPurchasedByPPId(String)
	{PUT [/api/v1/purchased/update/{ppId}]}: updateProductPurchased(ProductPurchased,String)
	{GET [/api/v1/purchased/view/bundle/{bundleId}]}: getAllProductPurchasedByBundleId(String)
	{GET [/api/v1/purchased/viewAll]}: getAllProductPurchased()
	{POST [/api/v1/purchased/add]}: addProductPurchased(ProductPurchased)
	{GET [/api/v1/purchased/view/notbundle/client/{clientId}]}: getAllProductPurchasedByClientIdNotInBundles(String)
	{GET [/api/v1/purchased/view/bundle/{clientId}/{bundleId}]}: getALlProductPurchasedByClientIdAndBundleId(String,String)
	{GET [/api/v1/purchased/view/client/{clientId}/product/{productId}]}: getProductPurchasedByClientIdAndProductId(String,String)
	{GET [/api/v1/purchased/view/company/{companyId}/bundle/{bundleId}]}: getProductPurchasedByCompanyIdAndBundleId(String,String)
	{GET [/api/v1/purchased/view/client/{clientId}/date/{date}]}: getProductPurchasedByClientIdAndDate(String,LocalDate)
	{GET [/api/v1/purchased/view/company/{companyId}/product/{productId}]}: getProductPurchasedByCompanyIdAndProductId(String,String)
2023-03-24 10:30:37 [main] DEBUG o.s.w.s.m.m.a.RequestMappingHandlerMapping -
				15 mappings in org.springframework.web.servlet.mvc.method.annotation.RequestMappingHandlerMapping
2023-03-24 10:30:37 [main] DEBUG o.s.w.s.m.m.a.RequestMappingHandlerAdapter -
				ControllerAdvice beans: 0 @ModelAttribute, 0 @InitBinder, 1 RequestBodyAdvice, 1 ResponseBodyAdvice
2023-03-24 10:30:37 [main] DEBUG o.s.w.s.m.m.a.ExceptionHandlerExceptionResolver -
				ControllerAdvice beans: 0 @ExceptionHandler, 1 ResponseBodyAdvice
2023-03-24 10:30:37 [main] INFO  o.s.mock.web.MockServletContext -
				Initializing Spring TestDispatcherServlet ''
2023-03-24 10:30:37 [main] INFO  o.s.t.w.s.TestDispatcherServlet -
				Initializing Servlet ''
2023-03-24 10:30:37 [main] DEBUG o.s.t.w.s.TestDispatcherServlet -
				Detected AcceptHeaderLocaleResolver
2023-03-24 10:30:37 [main] DEBUG o.s.t.w.s.TestDispatcherServlet -
				Detected FixedThemeResolver
2023-03-24 10:30:37 [main] DEBUG o.s.t.w.s.TestDispatcherServlet -
				Detected org.springframework.web.servlet.view.DefaultRequestToViewNameTranslator@7fd99443
2023-03-24 10:30:37 [main] DEBUG o.s.t.w.s.TestDispatcherServlet -
				Detected org.springframework.web.servlet.support.SessionFlashMapManager@622d7e4
2023-03-24 10:30:37 [main] DEBUG o.s.t.w.s.TestDispatcherServlet -
				enableLoggingRequestDetails='false': request parameters and headers will be masked to prevent unsafe logging of potentially sensitive data
2023-03-24 10:30:37 [main] INFO  o.s.t.w.s.TestDispatcherServlet -
				Completed initialization in 5 ms
2023-03-24 10:30:37 [main] DEBUG o.s.t.w.s.TestDispatcherServlet -
				POST "/api/v1/purchased/add", parameters={}
2023-03-24 10:30:37 [main] DEBUG o.s.w.s.m.m.a.RequestMappingHandlerMapping -
				Mapped to com.cgi.insurance.product_purchased_service.controller.ProductPurchasedController#addProductPurchased(ProductPurchased)
2023-03-24 10:30:37 [main] DEBUG o.s.w.s.m.m.a.RequestResponseBodyMethodProcessor -
				Read "application/json" to [com.cgi.insurance.product_purchased_service.model.ProductPurchased@6a3fbcb1]
2023-03-24 10:30:37 [main] DEBUG o.s.w.s.m.m.a.HttpEntityMethodProcessor -
				Using 'application/json', given [*/*] and supported [application/json, application/*+json]
2023-03-24 10:30:37 [main] DEBUG o.s.w.s.m.m.a.HttpEntityMethodProcessor -
				Writing [com.cgi.insurance.product_purchased_service.model.ProductPurchased@261b9a37]
2023-03-24 10:30:37 [main] DEBUG o.s.t.w.s.TestDispatcherServlet -
				Completed 201 CREATED
2023-03-24 10:30:37 [main] DEBUG o.h.v.m.ResourceBundleMessageInterpolator -
				Loaded expression factory via original TCCL
2023-03-24 10:30:37 [main] DEBUG o.h.v.i.e.AbstractConfigurationImpl -
				Setting custom MessageInterpolator of type org.springframework.validation.beanvalidation.LocaleContextMessageInterpolator
2023-03-24 10:30:37 [main] DEBUG o.h.v.i.x.config.ValidationXmlParser -
				Trying to load META-INF/validation.xml for XML based Validator configuration.
2023-03-24 10:30:37 [main] DEBUG o.h.v.i.x.c.ResourceLoaderHelper -
				Trying to load META-INF/validation.xml via TCCL
2023-03-24 10:30:37 [main] DEBUG o.h.v.i.x.c.ResourceLoaderHelper -
				Trying to load META-INF/validation.xml via Hibernate Validator's class loader
2023-03-24 10:30:37 [main] DEBUG o.h.v.i.x.config.ValidationXmlParser -
				No META-INF/validation.xml found. Using annotation based configuration only.
2023-03-24 10:30:37 [main] DEBUG o.h.v.i.e.r.TraversableResolvers -
				Cannot find jakarta.persistence.Persistence on classpath. Assuming non JPA 2 environment. All properties will per default be traversable.
2023-03-24 10:30:37 [main] DEBUG o.h.v.i.e.ValidatorFactoryConfigurationHelper -
				HV000252: Using org.hibernate.validator.internal.engine.DefaultPropertyNodeNameProvider as property node name provider.
2023-03-24 10:30:37 [main] DEBUG o.h.v.i.e.ValidatorFactoryConfigurationHelper -
				HV000234: Using org.springframework.validation.beanvalidation.LocaleContextMessageInterpolator as ValidatorFactory-scoped message interpolator.
2023-03-24 10:30:37 [main] DEBUG o.h.v.i.e.ValidatorFactoryConfigurationHelper -
				HV000234: Using org.hibernate.validator.internal.engine.resolver.TraverseAllTraversableResolver as ValidatorFactory-scoped traversable resolver.
2023-03-24 10:30:37 [main] DEBUG o.h.v.i.e.ValidatorFactoryConfigurationHelper -
				HV000234: Using org.hibernate.validator.internal.util.ExecutableParameterNameProvider as ValidatorFactory-scoped parameter name provider.
2023-03-24 10:30:37 [main] DEBUG o.h.v.i.e.ValidatorFactoryConfigurationHelper -
				HV000234: Using org.hibernate.validator.internal.engine.DefaultClockProvider as ValidatorFactory-scoped clock provider.
2023-03-24 10:30:37 [main] DEBUG o.h.v.i.e.ValidatorFactoryConfigurationHelper -
				HV000234: Using org.hibernate.validator.internal.engine.scripting.DefaultScriptEvaluatorFactory as ValidatorFactory-scoped script evaluator factory.
2023-03-24 10:30:37 [main] DEBUG _.s.w.s.HandlerMapping.Mappings -
				
	c.c.i.p.c.ProductPurchasedController:
	{DELETE [/api/v1/purchased/delete/{ppId}]}: deleteProductPurchased(String)
	{GET [/api/v1/purchased/view/client/{clientId}]}: getAllProductPurchasedByClientId(String)
	{GET [/api/v1/purchased/view/product/{productId}]}: getAllProductPurchasedByProductId(String)
	{GET [/api/v1/purchased/view/company/{companyId}]}: getAllProductPurchasedByCompanyId(String)
	{GET [/api/v1/purchased/view/id/{ppId}]}: getProductPurchasedByPPId(String)
	{PUT [/api/v1/purchased/update/{ppId}]}: updateProductPurchased(ProductPurchased,String)
	{GET [/api/v1/purchased/view/bundle/{bundleId}]}: getAllProductPurchasedByBundleId(String)
	{GET [/api/v1/purchased/viewAll]}: getAllProductPurchased()
	{POST [/api/v1/purchased/add]}: addProductPurchased(ProductPurchased)
	{GET [/api/v1/purchased/view/notbundle/client/{clientId}]}: getAllProductPurchasedByClientIdNotInBundles(String)
	{GET [/api/v1/purchased/view/bundle/{clientId}/{bundleId}]}: getALlProductPurchasedByClientIdAndBundleId(String,String)
	{GET [/api/v1/purchased/view/client/{clientId}/product/{productId}]}: getProductPurchasedByClientIdAndProductId(String,String)
	{GET [/api/v1/purchased/view/company/{companyId}/bundle/{bundleId}]}: getProductPurchasedByCompanyIdAndBundleId(String,String)
	{GET [/api/v1/purchased/view/client/{clientId}/date/{date}]}: getProductPurchasedByClientIdAndDate(String,LocalDate)
	{GET [/api/v1/purchased/view/company/{companyId}/product/{productId}]}: getProductPurchasedByCompanyIdAndProductId(String,String)
2023-03-24 10:30:37 [main] DEBUG o.s.w.s.m.m.a.RequestMappingHandlerMapping -
				15 mappings in org.springframework.web.servlet.mvc.method.annotation.RequestMappingHandlerMapping
2023-03-24 10:30:37 [main] DEBUG o.s.w.s.m.m.a.RequestMappingHandlerAdapter -
				ControllerAdvice beans: 0 @ModelAttribute, 0 @InitBinder, 1 RequestBodyAdvice, 1 ResponseBodyAdvice
2023-03-24 10:30:37 [main] DEBUG o.s.w.s.m.m.a.ExceptionHandlerExceptionResolver -
				ControllerAdvice beans: 0 @ExceptionHandler, 1 ResponseBodyAdvice
2023-03-24 10:30:37 [main] INFO  o.s.mock.web.MockServletContext -
				Initializing Spring TestDispatcherServlet ''
2023-03-24 10:30:37 [main] INFO  o.s.t.w.s.TestDispatcherServlet -
				Initializing Servlet ''
2023-03-24 10:30:37 [main] DEBUG o.s.t.w.s.TestDispatcherServlet -
				Detected AcceptHeaderLocaleResolver
2023-03-24 10:30:37 [main] DEBUG o.s.t.w.s.TestDispatcherServlet -
				Detected FixedThemeResolver
2023-03-24 10:30:37 [main] DEBUG o.s.t.w.s.TestDispatcherServlet -
				Detected org.springframework.web.servlet.view.DefaultRequestToViewNameTranslator@613f7eb7
2023-03-24 10:30:37 [main] DEBUG o.s.t.w.s.TestDispatcherServlet -
				Detected org.springframework.web.servlet.support.SessionFlashMapManager@565aa4ac
2023-03-24 10:30:37 [main] DEBUG o.s.t.w.s.TestDispatcherServlet -
				enableLoggingRequestDetails='false': request parameters and headers will be masked to prevent unsafe logging of potentially sensitive data
2023-03-24 10:30:37 [main] INFO  o.s.t.w.s.TestDispatcherServlet -
				Completed initialization in 32 ms
2023-03-24 10:30:37 [main] DEBUG o.s.t.w.s.TestDispatcherServlet -
				GET "/api/v1/purchased/view/client/clien1", parameters={}
2023-03-24 10:30:37 [main] DEBUG o.s.w.s.m.m.a.RequestMappingHandlerMapping -
				Mapped to com.cgi.insurance.product_purchased_service.controller.ProductPurchasedController#getAllProductPurchasedByClientId(String)
2023-03-24 10:30:37 [main] DEBUG o.s.w.s.m.m.a.HttpEntityMethodProcessor -
				Using 'application/json', given [*/*] and supported [application/json, application/*+json]
2023-03-24 10:30:37 [main] DEBUG o.s.w.s.m.m.a.HttpEntityMethodProcessor -
				Writing [[com.cgi.insurance.product_purchased_service.model.ProductPurchased@587c5c1]]
2023-03-24 10:30:37 [main] DEBUG o.s.t.w.s.TestDispatcherServlet -
				Completed 200 OK
2023-03-24 10:30:37 [main] DEBUG o.h.v.m.ResourceBundleMessageInterpolator -
				Loaded expression factory via original TCCL
2023-03-24 10:30:37 [main] DEBUG o.h.v.i.e.AbstractConfigurationImpl -
				Setting custom MessageInterpolator of type org.springframework.validation.beanvalidation.LocaleContextMessageInterpolator
2023-03-24 10:30:37 [main] DEBUG o.h.v.i.x.config.ValidationXmlParser -
				Trying to load META-INF/validation.xml for XML based Validator configuration.
2023-03-24 10:30:37 [main] DEBUG o.h.v.i.x.c.ResourceLoaderHelper -
				Trying to load META-INF/validation.xml via TCCL
2023-03-24 10:30:37 [main] DEBUG o.h.v.i.x.c.ResourceLoaderHelper -
				Trying to load META-INF/validation.xml via Hibernate Validator's class loader
2023-03-24 10:30:37 [main] DEBUG o.h.v.i.x.config.ValidationXmlParser -
				No META-INF/validation.xml found. Using annotation based configuration only.
2023-03-24 10:30:37 [main] DEBUG o.h.v.i.e.r.TraversableResolvers -
				Cannot find jakarta.persistence.Persistence on classpath. Assuming non JPA 2 environment. All properties will per default be traversable.
2023-03-24 10:30:37 [main] DEBUG o.h.v.i.e.ValidatorFactoryConfigurationHelper -
				HV000252: Using org.hibernate.validator.internal.engine.DefaultPropertyNodeNameProvider as property node name provider.
2023-03-24 10:30:37 [main] DEBUG o.h.v.i.e.ValidatorFactoryConfigurationHelper -
				HV000234: Using org.springframework.validation.beanvalidation.LocaleContextMessageInterpolator as ValidatorFactory-scoped message interpolator.
2023-03-24 10:30:37 [main] DEBUG o.h.v.i.e.ValidatorFactoryConfigurationHelper -
				HV000234: Using org.hibernate.validator.internal.engine.resolver.TraverseAllTraversableResolver as ValidatorFactory-scoped traversable resolver.
2023-03-24 10:30:37 [main] DEBUG o.h.v.i.e.ValidatorFactoryConfigurationHelper -
				HV000234: Using org.hibernate.validator.internal.util.ExecutableParameterNameProvider as ValidatorFactory-scoped parameter name provider.
2023-03-24 10:30:37 [main] DEBUG o.h.v.i.e.ValidatorFactoryConfigurationHelper -
				HV000234: Using org.hibernate.validator.internal.engine.DefaultClockProvider as ValidatorFactory-scoped clock provider.
2023-03-24 10:30:37 [main] DEBUG o.h.v.i.e.ValidatorFactoryConfigurationHelper -
				HV000234: Using org.hibernate.validator.internal.engine.scripting.DefaultScriptEvaluatorFactory as ValidatorFactory-scoped script evaluator factory.
2023-03-24 10:30:37 [main] DEBUG _.s.w.s.HandlerMapping.Mappings -
				
	c.c.i.p.c.ProductPurchasedController:
	{DELETE [/api/v1/purchased/delete/{ppId}]}: deleteProductPurchased(String)
	{GET [/api/v1/purchased/view/client/{clientId}]}: getAllProductPurchasedByClientId(String)
	{GET [/api/v1/purchased/view/product/{productId}]}: getAllProductPurchasedByProductId(String)
	{GET [/api/v1/purchased/view/company/{companyId}]}: getAllProductPurchasedByCompanyId(String)
	{GET [/api/v1/purchased/view/id/{ppId}]}: getProductPurchasedByPPId(String)
	{PUT [/api/v1/purchased/update/{ppId}]}: updateProductPurchased(ProductPurchased,String)
	{GET [/api/v1/purchased/view/bundle/{bundleId}]}: getAllProductPurchasedByBundleId(String)
	{GET [/api/v1/purchased/viewAll]}: getAllProductPurchased()
	{POST [/api/v1/purchased/add]}: addProductPurchased(ProductPurchased)
	{GET [/api/v1/purchased/view/notbundle/client/{clientId}]}: getAllProductPurchasedByClientIdNotInBundles(String)
	{GET [/api/v1/purchased/view/bundle/{clientId}/{bundleId}]}: getALlProductPurchasedByClientIdAndBundleId(String,String)
	{GET [/api/v1/purchased/view/client/{clientId}/product/{productId}]}: getProductPurchasedByClientIdAndProductId(String,String)
	{GET [/api/v1/purchased/view/company/{companyId}/bundle/{bundleId}]}: getProductPurchasedByCompanyIdAndBundleId(String,String)
	{GET [/api/v1/purchased/view/client/{clientId}/date/{date}]}: getProductPurchasedByClientIdAndDate(String,LocalDate)
	{GET [/api/v1/purchased/view/company/{companyId}/product/{productId}]}: getProductPurchasedByCompanyIdAndProductId(String,String)
2023-03-24 10:30:37 [main] DEBUG o.s.w.s.m.m.a.RequestMappingHandlerMapping -
				15 mappings in org.springframework.web.servlet.mvc.method.annotation.RequestMappingHandlerMapping
2023-03-24 10:30:37 [main] DEBUG o.s.w.s.m.m.a.RequestMappingHandlerAdapter -
				ControllerAdvice beans: 0 @ModelAttribute, 0 @InitBinder, 1 RequestBodyAdvice, 1 ResponseBodyAdvice
2023-03-24 10:30:37 [main] DEBUG o.s.w.s.m.m.a.ExceptionHandlerExceptionResolver -
				ControllerAdvice beans: 0 @ExceptionHandler, 1 ResponseBodyAdvice
2023-03-24 10:30:37 [main] INFO  o.s.mock.web.MockServletContext -
				Initializing Spring TestDispatcherServlet ''
2023-03-24 10:30:37 [main] INFO  o.s.t.w.s.TestDispatcherServlet -
				Initializing Servlet ''
2023-03-24 10:30:37 [main] DEBUG o.s.t.w.s.TestDispatcherServlet -
				Detected AcceptHeaderLocaleResolver
2023-03-24 10:30:37 [main] DEBUG o.s.t.w.s.TestDispatcherServlet -
				Detected FixedThemeResolver
2023-03-24 10:30:37 [main] DEBUG o.s.t.w.s.TestDispatcherServlet -
				Detected org.springframework.web.servlet.view.DefaultRequestToViewNameTranslator@44e4cb76
2023-03-24 10:30:37 [main] DEBUG o.s.t.w.s.TestDispatcherServlet -
				Detected org.springframework.web.servlet.support.SessionFlashMapManager@51cab489
2023-03-24 10:30:37 [main] DEBUG o.s.t.w.s.TestDispatcherServlet -
				enableLoggingRequestDetails='false': request parameters and headers will be masked to prevent unsafe logging of potentially sensitive data
2023-03-24 10:30:37 [main] INFO  o.s.t.w.s.TestDispatcherServlet -
				Completed initialization in 2 ms
2023-03-24 10:30:37 [main] DEBUG o.s.t.w.s.TestDispatcherServlet -
				GET "/api/v1/purchased/view/bundle/clien1/bundle1", parameters={}
2023-03-24 10:30:37 [main] DEBUG o.s.w.s.m.m.a.RequestMappingHandlerMapping -
				Mapped to com.cgi.insurance.product_purchased_service.controller.ProductPurchasedController#getALlProductPurchasedByClientIdAndBundleId(String, String)
2023-03-24 10:30:37 [main] DEBUG o.s.w.s.m.m.a.HttpEntityMethodProcessor -
				Using 'application/json', given [*/*] and supported [application/json, application/*+json]
2023-03-24 10:30:37 [main] DEBUG o.s.w.s.m.m.a.HttpEntityMethodProcessor -
				Writing [[com.cgi.insurance.product_purchased_service.model.ProductPurchased@2f9a10df]]
2023-03-24 10:30:37 [main] DEBUG o.s.t.w.s.TestDispatcherServlet -
				Completed 200 OK
2023-03-24 10:30:37 [main] DEBUG o.h.v.m.ResourceBundleMessageInterpolator -
				Loaded expression factory via original TCCL
2023-03-24 10:30:37 [main] DEBUG o.h.v.i.e.AbstractConfigurationImpl -
				Setting custom MessageInterpolator of type org.springframework.validation.beanvalidation.LocaleContextMessageInterpolator
2023-03-24 10:30:37 [main] DEBUG o.h.v.i.x.config.ValidationXmlParser -
				Trying to load META-INF/validation.xml for XML based Validator configuration.
2023-03-24 10:30:37 [main] DEBUG o.h.v.i.x.c.ResourceLoaderHelper -
				Trying to load META-INF/validation.xml via TCCL
2023-03-24 10:30:37 [main] DEBUG o.h.v.i.x.c.ResourceLoaderHelper -
				Trying to load META-INF/validation.xml via Hibernate Validator's class loader
2023-03-24 10:30:37 [main] DEBUG o.h.v.i.x.config.ValidationXmlParser -
				No META-INF/validation.xml found. Using annotation based configuration only.
2023-03-24 10:30:37 [main] DEBUG o.h.v.i.e.r.TraversableResolvers -
				Cannot find jakarta.persistence.Persistence on classpath. Assuming non JPA 2 environment. All properties will per default be traversable.
2023-03-24 10:30:37 [main] DEBUG o.h.v.i.e.ValidatorFactoryConfigurationHelper -
				HV000252: Using org.hibernate.validator.internal.engine.DefaultPropertyNodeNameProvider as property node name provider.
2023-03-24 10:30:37 [main] DEBUG o.h.v.i.e.ValidatorFactoryConfigurationHelper -
				HV000234: Using org.springframework.validation.beanvalidation.LocaleContextMessageInterpolator as ValidatorFactory-scoped message interpolator.
2023-03-24 10:30:37 [main] DEBUG o.h.v.i.e.ValidatorFactoryConfigurationHelper -
				HV000234: Using org.hibernate.validator.internal.engine.resolver.TraverseAllTraversableResolver as ValidatorFactory-scoped traversable resolver.
2023-03-24 10:30:37 [main] DEBUG o.h.v.i.e.ValidatorFactoryConfigurationHelper -
				HV000234: Using org.hibernate.validator.internal.util.ExecutableParameterNameProvider as ValidatorFactory-scoped parameter name provider.
2023-03-24 10:30:37 [main] DEBUG o.h.v.i.e.ValidatorFactoryConfigurationHelper -
				HV000234: Using org.hibernate.validator.internal.engine.DefaultClockProvider as ValidatorFactory-scoped clock provider.
2023-03-24 10:30:37 [main] DEBUG o.h.v.i.e.ValidatorFactoryConfigurationHelper -
				HV000234: Using org.hibernate.validator.internal.engine.scripting.DefaultScriptEvaluatorFactory as ValidatorFactory-scoped script evaluator factory.
2023-03-24 10:30:37 [main] DEBUG _.s.w.s.HandlerMapping.Mappings -
				
	c.c.i.p.c.ProductPurchasedController:
	{DELETE [/api/v1/purchased/delete/{ppId}]}: deleteProductPurchased(String)
	{GET [/api/v1/purchased/view/client/{clientId}]}: getAllProductPurchasedByClientId(String)
	{GET [/api/v1/purchased/view/product/{productId}]}: getAllProductPurchasedByProductId(String)
	{GET [/api/v1/purchased/view/company/{companyId}]}: getAllProductPurchasedByCompanyId(String)
	{GET [/api/v1/purchased/view/id/{ppId}]}: getProductPurchasedByPPId(String)
	{PUT [/api/v1/purchased/update/{ppId}]}: updateProductPurchased(ProductPurchased,String)
	{GET [/api/v1/purchased/view/bundle/{bundleId}]}: getAllProductPurchasedByBundleId(String)
	{GET [/api/v1/purchased/viewAll]}: getAllProductPurchased()
	{POST [/api/v1/purchased/add]}: addProductPurchased(ProductPurchased)
	{GET [/api/v1/purchased/view/notbundle/client/{clientId}]}: getAllProductPurchasedByClientIdNotInBundles(String)
	{GET [/api/v1/purchased/view/bundle/{clientId}/{bundleId}]}: getALlProductPurchasedByClientIdAndBundleId(String,String)
	{GET [/api/v1/purchased/view/client/{clientId}/product/{productId}]}: getProductPurchasedByClientIdAndProductId(String,String)
	{GET [/api/v1/purchased/view/company/{companyId}/bundle/{bundleId}]}: getProductPurchasedByCompanyIdAndBundleId(String,String)
	{GET [/api/v1/purchased/view/client/{clientId}/date/{date}]}: getProductPurchasedByClientIdAndDate(String,LocalDate)
	{GET [/api/v1/purchased/view/company/{companyId}/product/{productId}]}: getProductPurchasedByCompanyIdAndProductId(String,String)
2023-03-24 10:30:37 [main] DEBUG o.s.w.s.m.m.a.RequestMappingHandlerMapping -
				15 mappings in org.springframework.web.servlet.mvc.method.annotation.RequestMappingHandlerMapping
2023-03-24 10:30:37 [main] DEBUG o.s.w.s.m.m.a.RequestMappingHandlerAdapter -
				ControllerAdvice beans: 0 @ModelAttribute, 0 @InitBinder, 1 RequestBodyAdvice, 1 ResponseBodyAdvice
2023-03-24 10:30:37 [main] DEBUG o.s.w.s.m.m.a.ExceptionHandlerExceptionResolver -
				ControllerAdvice beans: 0 @ExceptionHandler, 1 ResponseBodyAdvice
2023-03-24 10:30:37 [main] INFO  o.s.mock.web.MockServletContext -
				Initializing Spring TestDispatcherServlet ''
2023-03-24 10:30:37 [main] INFO  o.s.t.w.s.TestDispatcherServlet -
				Initializing Servlet ''
2023-03-24 10:30:37 [main] DEBUG o.s.t.w.s.TestDispatcherServlet -
				Detected AcceptHeaderLocaleResolver
2023-03-24 10:30:37 [main] DEBUG o.s.t.w.s.TestDispatcherServlet -
				Detected FixedThemeResolver
2023-03-24 10:30:37 [main] DEBUG o.s.t.w.s.TestDispatcherServlet -
				Detected org.springframework.web.servlet.view.DefaultRequestToViewNameTranslator@b14b60a
2023-03-24 10:30:37 [main] DEBUG o.s.t.w.s.TestDispatcherServlet -
				Detected org.springframework.web.servlet.support.SessionFlashMapManager@1a7cb3a4
2023-03-24 10:30:37 [main] DEBUG o.s.t.w.s.TestDispatcherServlet -
				enableLoggingRequestDetails='false': request parameters and headers will be masked to prevent unsafe logging of potentially sensitive data
2023-03-24 10:30:37 [main] INFO  o.s.t.w.s.TestDispatcherServlet -
				Completed initialization in 2 ms
2023-03-24 10:30:37 [main] DEBUG o.s.t.w.s.TestDispatcherServlet -
				GET "/api/v1/purchased/view/notbundle/client/clien1", parameters={}
2023-03-24 10:30:37 [main] DEBUG o.s.w.s.m.m.a.RequestMappingHandlerMapping -
				Mapped to com.cgi.insurance.product_purchased_service.controller.ProductPurchasedController#getAllProductPurchasedByClientIdNotInBundles(String)
2023-03-24 10:30:37 [main] DEBUG o.s.w.s.m.m.a.HttpEntityMethodProcessor -
				Using 'application/json', given [*/*] and supported [application/json, application/*+json]
2023-03-24 10:30:37 [main] DEBUG o.s.w.s.m.m.a.HttpEntityMethodProcessor -
				Writing [[com.cgi.insurance.product_purchased_service.model.ProductPurchased@1c297897]]
2023-03-24 10:30:37 [main] DEBUG o.s.t.w.s.TestDispatcherServlet -
				Completed 200 OK
2023-03-24 10:30:37 [main] DEBUG o.h.v.m.ResourceBundleMessageInterpolator -
				Loaded expression factory via original TCCL
2023-03-24 10:30:37 [main] DEBUG o.h.v.i.e.AbstractConfigurationImpl -
				Setting custom MessageInterpolator of type org.springframework.validation.beanvalidation.LocaleContextMessageInterpolator
2023-03-24 10:30:37 [main] DEBUG o.h.v.i.x.config.ValidationXmlParser -
				Trying to load META-INF/validation.xml for XML based Validator configuration.
2023-03-24 10:30:37 [main] DEBUG o.h.v.i.x.c.ResourceLoaderHelper -
				Trying to load META-INF/validation.xml via TCCL
2023-03-24 10:30:37 [main] DEBUG o.h.v.i.x.c.ResourceLoaderHelper -
				Trying to load META-INF/validation.xml via Hibernate Validator's class loader
2023-03-24 10:30:37 [main] DEBUG o.h.v.i.x.config.ValidationXmlParser -
				No META-INF/validation.xml found. Using annotation based configuration only.
2023-03-24 10:30:37 [main] DEBUG o.h.v.i.e.r.TraversableResolvers -
				Cannot find jakarta.persistence.Persistence on classpath. Assuming non JPA 2 environment. All properties will per default be traversable.
2023-03-24 10:30:37 [main] DEBUG o.h.v.i.e.ValidatorFactoryConfigurationHelper -
				HV000252: Using org.hibernate.validator.internal.engine.DefaultPropertyNodeNameProvider as property node name provider.
2023-03-24 10:30:37 [main] DEBUG o.h.v.i.e.ValidatorFactoryConfigurationHelper -
				HV000234: Using org.springframework.validation.beanvalidation.LocaleContextMessageInterpolator as ValidatorFactory-scoped message interpolator.
2023-03-24 10:30:37 [main] DEBUG o.h.v.i.e.ValidatorFactoryConfigurationHelper -
				HV000234: Using org.hibernate.validator.internal.engine.resolver.TraverseAllTraversableResolver as ValidatorFactory-scoped traversable resolver.
2023-03-24 10:30:37 [main] DEBUG o.h.v.i.e.ValidatorFactoryConfigurationHelper -
				HV000234: Using org.hibernate.validator.internal.util.ExecutableParameterNameProvider as ValidatorFactory-scoped parameter name provider.
2023-03-24 10:30:37 [main] DEBUG o.h.v.i.e.ValidatorFactoryConfigurationHelper -
				HV000234: Using org.hibernate.validator.internal.engine.DefaultClockProvider as ValidatorFactory-scoped clock provider.
2023-03-24 10:30:37 [main] DEBUG o.h.v.i.e.ValidatorFactoryConfigurationHelper -
				HV000234: Using org.hibernate.validator.internal.engine.scripting.DefaultScriptEvaluatorFactory as ValidatorFactory-scoped script evaluator factory.
2023-03-24 10:30:37 [main] DEBUG _.s.w.s.HandlerMapping.Mappings -
				
	c.c.i.p.c.ProductPurchasedController:
	{DELETE [/api/v1/purchased/delete/{ppId}]}: deleteProductPurchased(String)
	{GET [/api/v1/purchased/view/client/{clientId}]}: getAllProductPurchasedByClientId(String)
	{GET [/api/v1/purchased/view/product/{productId}]}: getAllProductPurchasedByProductId(String)
	{GET [/api/v1/purchased/view/company/{companyId}]}: getAllProductPurchasedByCompanyId(String)
	{GET [/api/v1/purchased/view/id/{ppId}]}: getProductPurchasedByPPId(String)
	{PUT [/api/v1/purchased/update/{ppId}]}: updateProductPurchased(ProductPurchased,String)
	{GET [/api/v1/purchased/view/bundle/{bundleId}]}: getAllProductPurchasedByBundleId(String)
	{GET [/api/v1/purchased/viewAll]}: getAllProductPurchased()
	{POST [/api/v1/purchased/add]}: addProductPurchased(ProductPurchased)
	{GET [/api/v1/purchased/view/notbundle/client/{clientId}]}: getAllProductPurchasedByClientIdNotInBundles(String)
	{GET [/api/v1/purchased/view/bundle/{clientId}/{bundleId}]}: getALlProductPurchasedByClientIdAndBundleId(String,String)
	{GET [/api/v1/purchased/view/client/{clientId}/product/{productId}]}: getProductPurchasedByClientIdAndProductId(String,String)
	{GET [/api/v1/purchased/view/company/{companyId}/bundle/{bundleId}]}: getProductPurchasedByCompanyIdAndBundleId(String,String)
	{GET [/api/v1/purchased/view/client/{clientId}/date/{date}]}: getProductPurchasedByClientIdAndDate(String,LocalDate)
	{GET [/api/v1/purchased/view/company/{companyId}/product/{productId}]}: getProductPurchasedByCompanyIdAndProductId(String,String)
2023-03-24 10:30:37 [main] DEBUG o.s.w.s.m.m.a.RequestMappingHandlerMapping -
				15 mappings in org.springframework.web.servlet.mvc.method.annotation.RequestMappingHandlerMapping
2023-03-24 10:30:37 [main] DEBUG o.s.w.s.m.m.a.RequestMappingHandlerAdapter -
				ControllerAdvice beans: 0 @ModelAttribute, 0 @InitBinder, 1 RequestBodyAdvice, 1 ResponseBodyAdvice
2023-03-24 10:30:37 [main] DEBUG o.s.w.s.m.m.a.ExceptionHandlerExceptionResolver -
				ControllerAdvice beans: 0 @ExceptionHandler, 1 ResponseBodyAdvice
2023-03-24 10:30:37 [main] INFO  o.s.mock.web.MockServletContext -
				Initializing Spring TestDispatcherServlet ''
2023-03-24 10:30:37 [main] INFO  o.s.t.w.s.TestDispatcherServlet -
				Initializing Servlet ''
2023-03-24 10:30:37 [main] DEBUG o.s.t.w.s.TestDispatcherServlet -
				Detected AcceptHeaderLocaleResolver
2023-03-24 10:30:37 [main] DEBUG o.s.t.w.s.TestDispatcherServlet -
				Detected FixedThemeResolver
2023-03-24 10:30:37 [main] DEBUG o.s.t.w.s.TestDispatcherServlet -
				Detected org.springframework.web.servlet.view.DefaultRequestToViewNameTranslator@76973a6
2023-03-24 10:30:37 [main] DEBUG o.s.t.w.s.TestDispatcherServlet -
				Detected org.springframework.web.servlet.support.SessionFlashMapManager@71a4f441
2023-03-24 10:30:37 [main] DEBUG o.s.t.w.s.TestDispatcherServlet -
				enableLoggingRequestDetails='false': request parameters and headers will be masked to prevent unsafe logging of potentially sensitive data
2023-03-24 10:30:37 [main] INFO  o.s.t.w.s.TestDispatcherServlet -
				Completed initialization in 2 ms
2023-03-24 10:30:37 [main] DEBUG o.s.t.w.s.TestDispatcherServlet -
				DELETE "/api/v1/purchased/delete/ppId1", parameters={}
2023-03-24 10:30:37 [main] DEBUG o.s.w.s.m.m.a.RequestMappingHandlerMapping -
				Mapped to com.cgi.insurance.product_purchased_service.controller.ProductPurchasedController#deleteProductPurchased(String)
2023-03-24 10:30:37 [main] DEBUG o.s.w.s.m.m.a.HttpEntityMethodProcessor -
				Using 'text/plain', given [*/*] and supported [text/plain, */*, application/json, application/*+json]
2023-03-24 10:30:37 [main] DEBUG o.s.w.s.m.m.a.HttpEntityMethodProcessor -
				Writing ["Record deleted!"]
2023-03-24 10:30:37 [main] DEBUG o.s.t.w.s.TestDispatcherServlet -
				Completed 200 OK
2023-03-24 10:30:37 [main] DEBUG o.h.v.m.ResourceBundleMessageInterpolator -
				Loaded expression factory via original TCCL
2023-03-24 10:30:37 [main] DEBUG o.h.v.i.e.AbstractConfigurationImpl -
				Setting custom MessageInterpolator of type org.springframework.validation.beanvalidation.LocaleContextMessageInterpolator
2023-03-24 10:30:37 [main] DEBUG o.h.v.i.x.config.ValidationXmlParser -
				Trying to load META-INF/validation.xml for XML based Validator configuration.
2023-03-24 10:30:37 [main] DEBUG o.h.v.i.x.c.ResourceLoaderHelper -
				Trying to load META-INF/validation.xml via TCCL
2023-03-24 10:30:37 [main] DEBUG o.h.v.i.x.c.ResourceLoaderHelper -
				Trying to load META-INF/validation.xml via Hibernate Validator's class loader
2023-03-24 10:30:37 [main] DEBUG o.h.v.i.x.config.ValidationXmlParser -
				No META-INF/validation.xml found. Using annotation based configuration only.
2023-03-24 10:30:37 [main] DEBUG o.h.v.i.e.r.TraversableResolvers -
				Cannot find jakarta.persistence.Persistence on classpath. Assuming non JPA 2 environment. All properties will per default be traversable.
2023-03-24 10:30:37 [main] DEBUG o.h.v.i.e.ValidatorFactoryConfigurationHelper -
				HV000252: Using org.hibernate.validator.internal.engine.DefaultPropertyNodeNameProvider as property node name provider.
2023-03-24 10:30:37 [main] DEBUG o.h.v.i.e.ValidatorFactoryConfigurationHelper -
				HV000234: Using org.springframework.validation.beanvalidation.LocaleContextMessageInterpolator as ValidatorFactory-scoped message interpolator.
2023-03-24 10:30:37 [main] DEBUG o.h.v.i.e.ValidatorFactoryConfigurationHelper -
				HV000234: Using org.hibernate.validator.internal.engine.resolver.TraverseAllTraversableResolver as ValidatorFactory-scoped traversable resolver.
2023-03-24 10:30:37 [main] DEBUG o.h.v.i.e.ValidatorFactoryConfigurationHelper -
				HV000234: Using org.hibernate.validator.internal.util.ExecutableParameterNameProvider as ValidatorFactory-scoped parameter name provider.
2023-03-24 10:30:37 [main] DEBUG o.h.v.i.e.ValidatorFactoryConfigurationHelper -
				HV000234: Using org.hibernate.validator.internal.engine.DefaultClockProvider as ValidatorFactory-scoped clock provider.
2023-03-24 10:30:37 [main] DEBUG o.h.v.i.e.ValidatorFactoryConfigurationHelper -
				HV000234: Using org.hibernate.validator.internal.engine.scripting.DefaultScriptEvaluatorFactory as ValidatorFactory-scoped script evaluator factory.
2023-03-24 10:30:37 [main] DEBUG _.s.w.s.HandlerMapping.Mappings -
				
	c.c.i.p.c.ProductPurchasedController:
	{DELETE [/api/v1/purchased/delete/{ppId}]}: deleteProductPurchased(String)
	{GET [/api/v1/purchased/view/client/{clientId}]}: getAllProductPurchasedByClientId(String)
	{GET [/api/v1/purchased/view/product/{productId}]}: getAllProductPurchasedByProductId(String)
	{GET [/api/v1/purchased/view/company/{companyId}]}: getAllProductPurchasedByCompanyId(String)
	{GET [/api/v1/purchased/view/id/{ppId}]}: getProductPurchasedByPPId(String)
	{PUT [/api/v1/purchased/update/{ppId}]}: updateProductPurchased(ProductPurchased,String)
	{GET [/api/v1/purchased/view/bundle/{bundleId}]}: getAllProductPurchasedByBundleId(String)
	{GET [/api/v1/purchased/viewAll]}: getAllProductPurchased()
	{POST [/api/v1/purchased/add]}: addProductPurchased(ProductPurchased)
	{GET [/api/v1/purchased/view/notbundle/client/{clientId}]}: getAllProductPurchasedByClientIdNotInBundles(String)
	{GET [/api/v1/purchased/view/bundle/{clientId}/{bundleId}]}: getALlProductPurchasedByClientIdAndBundleId(String,String)
	{GET [/api/v1/purchased/view/client/{clientId}/product/{productId}]}: getProductPurchasedByClientIdAndProductId(String,String)
	{GET [/api/v1/purchased/view/company/{companyId}/bundle/{bundleId}]}: getProductPurchasedByCompanyIdAndBundleId(String,String)
	{GET [/api/v1/purchased/view/client/{clientId}/date/{date}]}: getProductPurchasedByClientIdAndDate(String,LocalDate)
	{GET [/api/v1/purchased/view/company/{companyId}/product/{productId}]}: getProductPurchasedByCompanyIdAndProductId(String,String)
2023-03-24 10:30:37 [main] DEBUG o.s.w.s.m.m.a.RequestMappingHandlerMapping -
				15 mappings in org.springframework.web.servlet.mvc.method.annotation.RequestMappingHandlerMapping
2023-03-24 10:30:37 [main] DEBUG o.s.w.s.m.m.a.RequestMappingHandlerAdapter -
				ControllerAdvice beans: 0 @ModelAttribute, 0 @InitBinder, 1 RequestBodyAdvice, 1 ResponseBodyAdvice
2023-03-24 10:30:37 [main] DEBUG o.s.w.s.m.m.a.ExceptionHandlerExceptionResolver -
				ControllerAdvice beans: 0 @ExceptionHandler, 1 ResponseBodyAdvice
2023-03-24 10:30:37 [main] INFO  o.s.mock.web.MockServletContext -
				Initializing Spring TestDispatcherServlet ''
2023-03-24 10:30:37 [main] INFO  o.s.t.w.s.TestDispatcherServlet -
				Initializing Servlet ''
2023-03-24 10:30:37 [main] DEBUG o.s.t.w.s.TestDispatcherServlet -
				Detected AcceptHeaderLocaleResolver
2023-03-24 10:30:37 [main] DEBUG o.s.t.w.s.TestDispatcherServlet -
				Detected FixedThemeResolver
2023-03-24 10:30:37 [main] DEBUG o.s.t.w.s.TestDispatcherServlet -
				Detected org.springframework.web.servlet.view.DefaultRequestToViewNameTranslator@662be9f7
2023-03-24 10:30:37 [main] DEBUG o.s.t.w.s.TestDispatcherServlet -
				Detected org.springframework.web.servlet.support.SessionFlashMapManager@4962b41e
2023-03-24 10:30:37 [main] DEBUG o.s.t.w.s.TestDispatcherServlet -
				enableLoggingRequestDetails='false': request parameters and headers will be masked to prevent unsafe logging of potentially sensitive data
2023-03-24 10:30:37 [main] INFO  o.s.t.w.s.TestDispatcherServlet -
				Completed initialization in 2 ms
2023-03-24 10:30:37 [main] DEBUG o.s.t.w.s.TestDispatcherServlet -
				GET "/api/v1/purchased/view/company/comp1/product/product1", parameters={}
2023-03-24 10:30:37 [main] DEBUG o.s.w.s.m.m.a.RequestMappingHandlerMapping -
				Mapped to com.cgi.insurance.product_purchased_service.controller.ProductPurchasedController#getProductPurchasedByCompanyIdAndProductId(String, String)
2023-03-24 10:30:37 [main] DEBUG o.s.w.s.m.m.a.HttpEntityMethodProcessor -
				Using 'application/json', given [*/*] and supported [application/json, application/*+json]
2023-03-24 10:30:37 [main] DEBUG o.s.w.s.m.m.a.HttpEntityMethodProcessor -
				Writing [[com.cgi.insurance.product_purchased_service.model.ProductPurchased@4fecf308]]
2023-03-24 10:30:37 [main] DEBUG o.s.t.w.s.TestDispatcherServlet -
				Completed 200 OK
2023-03-24 10:30:37 [main] DEBUG o.h.v.m.ResourceBundleMessageInterpolator -
				Loaded expression factory via original TCCL
2023-03-24 10:30:37 [main] DEBUG o.h.v.i.e.AbstractConfigurationImpl -
				Setting custom MessageInterpolator of type org.springframework.validation.beanvalidation.LocaleContextMessageInterpolator
2023-03-24 10:30:37 [main] DEBUG o.h.v.i.x.config.ValidationXmlParser -
				Trying to load META-INF/validation.xml for XML based Validator configuration.
2023-03-24 10:30:37 [main] DEBUG o.h.v.i.x.c.ResourceLoaderHelper -
				Trying to load META-INF/validation.xml via TCCL
2023-03-24 10:30:37 [main] DEBUG o.h.v.i.x.c.ResourceLoaderHelper -
				Trying to load META-INF/validation.xml via Hibernate Validator's class loader
2023-03-24 10:30:37 [main] DEBUG o.h.v.i.x.config.ValidationXmlParser -
				No META-INF/validation.xml found. Using annotation based configuration only.
2023-03-24 10:30:37 [main] DEBUG o.h.v.i.e.r.TraversableResolvers -
				Cannot find jakarta.persistence.Persistence on classpath. Assuming non JPA 2 environment. All properties will per default be traversable.
2023-03-24 10:30:37 [main] DEBUG o.h.v.i.e.ValidatorFactoryConfigurationHelper -
				HV000252: Using org.hibernate.validator.internal.engine.DefaultPropertyNodeNameProvider as property node name provider.
2023-03-24 10:30:37 [main] DEBUG o.h.v.i.e.ValidatorFactoryConfigurationHelper -
				HV000234: Using org.springframework.validation.beanvalidation.LocaleContextMessageInterpolator as ValidatorFactory-scoped message interpolator.
2023-03-24 10:30:37 [main] DEBUG o.h.v.i.e.ValidatorFactoryConfigurationHelper -
				HV000234: Using org.hibernate.validator.internal.engine.resolver.TraverseAllTraversableResolver as ValidatorFactory-scoped traversable resolver.
2023-03-24 10:30:37 [main] DEBUG o.h.v.i.e.ValidatorFactoryConfigurationHelper -
				HV000234: Using org.hibernate.validator.internal.util.ExecutableParameterNameProvider as ValidatorFactory-scoped parameter name provider.
2023-03-24 10:30:37 [main] DEBUG o.h.v.i.e.ValidatorFactoryConfigurationHelper -
				HV000234: Using org.hibernate.validator.internal.engine.DefaultClockProvider as ValidatorFactory-scoped clock provider.
2023-03-24 10:30:37 [main] DEBUG o.h.v.i.e.ValidatorFactoryConfigurationHelper -
				HV000234: Using org.hibernate.validator.internal.engine.scripting.DefaultScriptEvaluatorFactory as ValidatorFactory-scoped script evaluator factory.
2023-03-24 10:30:37 [main] DEBUG _.s.w.s.HandlerMapping.Mappings -
				
	c.c.i.p.c.ProductPurchasedController:
	{DELETE [/api/v1/purchased/delete/{ppId}]}: deleteProductPurchased(String)
	{GET [/api/v1/purchased/view/client/{clientId}]}: getAllProductPurchasedByClientId(String)
	{GET [/api/v1/purchased/view/product/{productId}]}: getAllProductPurchasedByProductId(String)
	{GET [/api/v1/purchased/view/company/{companyId}]}: getAllProductPurchasedByCompanyId(String)
	{GET [/api/v1/purchased/view/id/{ppId}]}: getProductPurchasedByPPId(String)
	{PUT [/api/v1/purchased/update/{ppId}]}: updateProductPurchased(ProductPurchased,String)
	{GET [/api/v1/purchased/view/bundle/{bundleId}]}: getAllProductPurchasedByBundleId(String)
	{GET [/api/v1/purchased/viewAll]}: getAllProductPurchased()
	{POST [/api/v1/purchased/add]}: addProductPurchased(ProductPurchased)
	{GET [/api/v1/purchased/view/notbundle/client/{clientId}]}: getAllProductPurchasedByClientIdNotInBundles(String)
	{GET [/api/v1/purchased/view/bundle/{clientId}/{bundleId}]}: getALlProductPurchasedByClientIdAndBundleId(String,String)
	{GET [/api/v1/purchased/view/client/{clientId}/product/{productId}]}: getProductPurchasedByClientIdAndProductId(String,String)
	{GET [/api/v1/purchased/view/company/{companyId}/bundle/{bundleId}]}: getProductPurchasedByCompanyIdAndBundleId(String,String)
	{GET [/api/v1/purchased/view/client/{clientId}/date/{date}]}: getProductPurchasedByClientIdAndDate(String,LocalDate)
	{GET [/api/v1/purchased/view/company/{companyId}/product/{productId}]}: getProductPurchasedByCompanyIdAndProductId(String,String)
2023-03-24 10:30:37 [main] DEBUG o.s.w.s.m.m.a.RequestMappingHandlerMapping -
				15 mappings in org.springframework.web.servlet.mvc.method.annotation.RequestMappingHandlerMapping
2023-03-24 10:30:37 [main] DEBUG o.s.w.s.m.m.a.RequestMappingHandlerAdapter -
				ControllerAdvice beans: 0 @ModelAttribute, 0 @InitBinder, 1 RequestBodyAdvice, 1 ResponseBodyAdvice
2023-03-24 10:30:37 [main] DEBUG o.s.w.s.m.m.a.ExceptionHandlerExceptionResolver -
				ControllerAdvice beans: 0 @ExceptionHandler, 1 ResponseBodyAdvice
2023-03-24 10:30:37 [main] INFO  o.s.mock.web.MockServletContext -
				Initializing Spring TestDispatcherServlet ''
2023-03-24 10:30:37 [main] INFO  o.s.t.w.s.TestDispatcherServlet -
				Initializing Servlet ''
2023-03-24 10:30:37 [main] DEBUG o.s.t.w.s.TestDispatcherServlet -
				Detected AcceptHeaderLocaleResolver
2023-03-24 10:30:37 [main] DEBUG o.s.t.w.s.TestDispatcherServlet -
				Detected FixedThemeResolver
2023-03-24 10:30:37 [main] DEBUG o.s.t.w.s.TestDispatcherServlet -
				Detected org.springframework.web.servlet.view.DefaultRequestToViewNameTranslator@11b5f4e2
2023-03-24 10:30:37 [main] DEBUG o.s.t.w.s.TestDispatcherServlet -
				Detected org.springframework.web.servlet.support.SessionFlashMapManager@6bcae9
2023-03-24 10:30:37 [main] DEBUG o.s.t.w.s.TestDispatcherServlet -
				enableLoggingRequestDetails='false': request parameters and headers will be masked to prevent unsafe logging of potentially sensitive data
2023-03-24 10:30:37 [main] INFO  o.s.t.w.s.TestDispatcherServlet -
				Completed initialization in 1 ms
2023-03-24 10:30:37 [main] DEBUG o.s.t.w.s.TestDispatcherServlet -
				GET "/api/v1/purchased/view/id/ppId1", parameters={}
2023-03-24 10:30:37 [main] DEBUG o.s.w.s.m.m.a.RequestMappingHandlerMapping -
				Mapped to com.cgi.insurance.product_purchased_service.controller.ProductPurchasedController#getProductPurchasedByPPId(String)
2023-03-24 10:30:37 [main] DEBUG o.s.w.s.m.m.a.HttpEntityMethodProcessor -
				Using 'application/json', given [*/*] and supported [application/json, application/*+json]
2023-03-24 10:30:37 [main] DEBUG o.s.w.s.m.m.a.HttpEntityMethodProcessor -
				Writing [com.cgi.insurance.product_purchased_service.model.ProductPurchased@5aa781f2]
2023-03-24 10:30:37 [main] DEBUG o.s.t.w.s.TestDispatcherServlet -
				Completed 200 OK
2023-03-24 10:30:37 [main] DEBUG o.h.v.m.ResourceBundleMessageInterpolator -
				Loaded expression factory via original TCCL
2023-03-24 10:30:37 [main] DEBUG o.h.v.i.e.AbstractConfigurationImpl -
				Setting custom MessageInterpolator of type org.springframework.validation.beanvalidation.LocaleContextMessageInterpolator
2023-03-24 10:30:37 [main] DEBUG o.h.v.i.x.config.ValidationXmlParser -
				Trying to load META-INF/validation.xml for XML based Validator configuration.
2023-03-24 10:30:37 [main] DEBUG o.h.v.i.x.c.ResourceLoaderHelper -
				Trying to load META-INF/validation.xml via TCCL
2023-03-24 10:30:37 [main] DEBUG o.h.v.i.x.c.ResourceLoaderHelper -
				Trying to load META-INF/validation.xml via Hibernate Validator's class loader
2023-03-24 10:30:37 [main] DEBUG o.h.v.i.x.config.ValidationXmlParser -
				No META-INF/validation.xml found. Using annotation based configuration only.
2023-03-24 10:30:37 [main] DEBUG o.h.v.i.e.r.TraversableResolvers -
				Cannot find jakarta.persistence.Persistence on classpath. Assuming non JPA 2 environment. All properties will per default be traversable.
2023-03-24 10:30:37 [main] DEBUG o.h.v.i.e.ValidatorFactoryConfigurationHelper -
				HV000252: Using org.hibernate.validator.internal.engine.DefaultPropertyNodeNameProvider as property node name provider.
2023-03-24 10:30:37 [main] DEBUG o.h.v.i.e.ValidatorFactoryConfigurationHelper -
				HV000234: Using org.springframework.validation.beanvalidation.LocaleContextMessageInterpolator as ValidatorFactory-scoped message interpolator.
2023-03-24 10:30:37 [main] DEBUG o.h.v.i.e.ValidatorFactoryConfigurationHelper -
				HV000234: Using org.hibernate.validator.internal.engine.resolver.TraverseAllTraversableResolver as ValidatorFactory-scoped traversable resolver.
2023-03-24 10:30:37 [main] DEBUG o.h.v.i.e.ValidatorFactoryConfigurationHelper -
				HV000234: Using org.hibernate.validator.internal.util.ExecutableParameterNameProvider as ValidatorFactory-scoped parameter name provider.
2023-03-24 10:30:37 [main] DEBUG o.h.v.i.e.ValidatorFactoryConfigurationHelper -
				HV000234: Using org.hibernate.validator.internal.engine.DefaultClockProvider as ValidatorFactory-scoped clock provider.
2023-03-24 10:30:37 [main] DEBUG o.h.v.i.e.ValidatorFactoryConfigurationHelper -
				HV000234: Using org.hibernate.validator.internal.engine.scripting.DefaultScriptEvaluatorFactory as ValidatorFactory-scoped script evaluator factory.
2023-03-24 10:30:38 [main] DEBUG _.s.w.s.HandlerMapping.Mappings -
				
	c.c.i.p.c.ProductPurchasedController:
	{DELETE [/api/v1/purchased/delete/{ppId}]}: deleteProductPurchased(String)
	{GET [/api/v1/purchased/view/client/{clientId}]}: getAllProductPurchasedByClientId(String)
	{GET [/api/v1/purchased/view/product/{productId}]}: getAllProductPurchasedByProductId(String)
	{GET [/api/v1/purchased/view/company/{companyId}]}: getAllProductPurchasedByCompanyId(String)
	{GET [/api/v1/purchased/view/id/{ppId}]}: getProductPurchasedByPPId(String)
	{PUT [/api/v1/purchased/update/{ppId}]}: updateProductPurchased(ProductPurchased,String)
	{GET [/api/v1/purchased/view/bundle/{bundleId}]}: getAllProductPurchasedByBundleId(String)
	{GET [/api/v1/purchased/viewAll]}: getAllProductPurchased()
	{POST [/api/v1/purchased/add]}: addProductPurchased(ProductPurchased)
	{GET [/api/v1/purchased/view/notbundle/client/{clientId}]}: getAllProductPurchasedByClientIdNotInBundles(String)
	{GET [/api/v1/purchased/view/bundle/{clientId}/{bundleId}]}: getALlProductPurchasedByClientIdAndBundleId(String,String)
	{GET [/api/v1/purchased/view/client/{clientId}/product/{productId}]}: getProductPurchasedByClientIdAndProductId(String,String)
	{GET [/api/v1/purchased/view/company/{companyId}/bundle/{bundleId}]}: getProductPurchasedByCompanyIdAndBundleId(String,String)
	{GET [/api/v1/purchased/view/client/{clientId}/date/{date}]}: getProductPurchasedByClientIdAndDate(String,LocalDate)
	{GET [/api/v1/purchased/view/company/{companyId}/product/{productId}]}: getProductPurchasedByCompanyIdAndProductId(String,String)
2023-03-24 10:30:38 [main] DEBUG o.s.w.s.m.m.a.RequestMappingHandlerMapping -
				15 mappings in org.springframework.web.servlet.mvc.method.annotation.RequestMappingHandlerMapping
2023-03-24 10:30:38 [main] DEBUG o.s.w.s.m.m.a.RequestMappingHandlerAdapter -
				ControllerAdvice beans: 0 @ModelAttribute, 0 @InitBinder, 1 RequestBodyAdvice, 1 ResponseBodyAdvice
2023-03-24 10:30:38 [main] DEBUG o.s.w.s.m.m.a.ExceptionHandlerExceptionResolver -
				ControllerAdvice beans: 0 @ExceptionHandler, 1 ResponseBodyAdvice
2023-03-24 10:30:38 [main] INFO  o.s.mock.web.MockServletContext -
				Initializing Spring TestDispatcherServlet ''
2023-03-24 10:30:38 [main] INFO  o.s.t.w.s.TestDispatcherServlet -
				Initializing Servlet ''
2023-03-24 10:30:38 [main] DEBUG o.s.t.w.s.TestDispatcherServlet -
				Detected AcceptHeaderLocaleResolver
2023-03-24 10:30:38 [main] DEBUG o.s.t.w.s.TestDispatcherServlet -
				Detected FixedThemeResolver
2023-03-24 10:30:38 [main] DEBUG o.s.t.w.s.TestDispatcherServlet -
				Detected org.springframework.web.servlet.view.DefaultRequestToViewNameTranslator@f723cdb
2023-03-24 10:30:38 [main] DEBUG o.s.t.w.s.TestDispatcherServlet -
				Detected org.springframework.web.servlet.support.SessionFlashMapManager@4844930a
2023-03-24 10:30:38 [main] DEBUG o.s.t.w.s.TestDispatcherServlet -
				enableLoggingRequestDetails='false': request parameters and headers will be masked to prevent unsafe logging of potentially sensitive data
2023-03-24 10:30:38 [main] INFO  o.s.t.w.s.TestDispatcherServlet -
				Completed initialization in 2 ms
2023-03-24 10:30:38 [main] DEBUG o.s.t.w.s.TestDispatcherServlet -
				GET "/api/v1/purchased/view/company/comp1", parameters={}
2023-03-24 10:30:38 [main] DEBUG o.s.w.s.m.m.a.RequestMappingHandlerMapping -
				Mapped to com.cgi.insurance.product_purchased_service.controller.ProductPurchasedController#getAllProductPurchasedByCompanyId(String)
2023-03-24 10:30:38 [main] DEBUG o.s.w.s.m.m.a.HttpEntityMethodProcessor -
				Using 'application/json', given [*/*] and supported [application/json, application/*+json]
2023-03-24 10:30:38 [main] DEBUG o.s.w.s.m.m.a.HttpEntityMethodProcessor -
				Writing [[com.cgi.insurance.product_purchased_service.model.ProductPurchased@11f23203]]
2023-03-24 10:30:38 [main] DEBUG o.s.t.w.s.TestDispatcherServlet -
				Completed 200 OK
2023-03-24 10:30:38 [main] DEBUG o.h.v.m.ResourceBundleMessageInterpolator -
				Loaded expression factory via original TCCL
2023-03-24 10:30:38 [main] DEBUG o.h.v.i.e.AbstractConfigurationImpl -
				Setting custom MessageInterpolator of type org.springframework.validation.beanvalidation.LocaleContextMessageInterpolator
2023-03-24 10:30:38 [main] DEBUG o.h.v.i.x.config.ValidationXmlParser -
				Trying to load META-INF/validation.xml for XML based Validator configuration.
2023-03-24 10:30:38 [main] DEBUG o.h.v.i.x.c.ResourceLoaderHelper -
				Trying to load META-INF/validation.xml via TCCL
2023-03-24 10:30:38 [main] DEBUG o.h.v.i.x.c.ResourceLoaderHelper -
				Trying to load META-INF/validation.xml via Hibernate Validator's class loader
2023-03-24 10:30:38 [main] DEBUG o.h.v.i.x.config.ValidationXmlParser -
				No META-INF/validation.xml found. Using annotation based configuration only.
2023-03-24 10:30:38 [main] DEBUG o.h.v.i.e.r.TraversableResolvers -
				Cannot find jakarta.persistence.Persistence on classpath. Assuming non JPA 2 environment. All properties will per default be traversable.
2023-03-24 10:30:38 [main] DEBUG o.h.v.i.e.ValidatorFactoryConfigurationHelper -
				HV000252: Using org.hibernate.validator.internal.engine.DefaultPropertyNodeNameProvider as property node name provider.
2023-03-24 10:30:38 [main] DEBUG o.h.v.i.e.ValidatorFactoryConfigurationHelper -
				HV000234: Using org.springframework.validation.beanvalidation.LocaleContextMessageInterpolator as ValidatorFactory-scoped message interpolator.
2023-03-24 10:30:38 [main] DEBUG o.h.v.i.e.ValidatorFactoryConfigurationHelper -
				HV000234: Using org.hibernate.validator.internal.engine.resolver.TraverseAllTraversableResolver as ValidatorFactory-scoped traversable resolver.
2023-03-24 10:30:38 [main] DEBUG o.h.v.i.e.ValidatorFactoryConfigurationHelper -
				HV000234: Using org.hibernate.validator.internal.util.ExecutableParameterNameProvider as ValidatorFactory-scoped parameter name provider.
2023-03-24 10:30:38 [main] DEBUG o.h.v.i.e.ValidatorFactoryConfigurationHelper -
				HV000234: Using org.hibernate.validator.internal.engine.DefaultClockProvider as ValidatorFactory-scoped clock provider.
2023-03-24 10:30:38 [main] DEBUG o.h.v.i.e.ValidatorFactoryConfigurationHelper -
				HV000234: Using org.hibernate.validator.internal.engine.scripting.DefaultScriptEvaluatorFactory as ValidatorFactory-scoped script evaluator factory.
2023-03-24 10:30:38 [main] DEBUG _.s.w.s.HandlerMapping.Mappings -
				
	c.c.i.p.c.ProductPurchasedController:
	{DELETE [/api/v1/purchased/delete/{ppId}]}: deleteProductPurchased(String)
	{GET [/api/v1/purchased/view/client/{clientId}]}: getAllProductPurchasedByClientId(String)
	{GET [/api/v1/purchased/view/product/{productId}]}: getAllProductPurchasedByProductId(String)
	{GET [/api/v1/purchased/view/company/{companyId}]}: getAllProductPurchasedByCompanyId(String)
	{GET [/api/v1/purchased/view/id/{ppId}]}: getProductPurchasedByPPId(String)
	{PUT [/api/v1/purchased/update/{ppId}]}: updateProductPurchased(ProductPurchased,String)
	{GET [/api/v1/purchased/view/bundle/{bundleId}]}: getAllProductPurchasedByBundleId(String)
	{GET [/api/v1/purchased/viewAll]}: getAllProductPurchased()
	{POST [/api/v1/purchased/add]}: addProductPurchased(ProductPurchased)
	{GET [/api/v1/purchased/view/notbundle/client/{clientId}]}: getAllProductPurchasedByClientIdNotInBundles(String)
	{GET [/api/v1/purchased/view/bundle/{clientId}/{bundleId}]}: getALlProductPurchasedByClientIdAndBundleId(String,String)
	{GET [/api/v1/purchased/view/client/{clientId}/product/{productId}]}: getProductPurchasedByClientIdAndProductId(String,String)
	{GET [/api/v1/purchased/view/company/{companyId}/bundle/{bundleId}]}: getProductPurchasedByCompanyIdAndBundleId(String,String)
	{GET [/api/v1/purchased/view/client/{clientId}/date/{date}]}: getProductPurchasedByClientIdAndDate(String,LocalDate)
	{GET [/api/v1/purchased/view/company/{companyId}/product/{productId}]}: getProductPurchasedByCompanyIdAndProductId(String,String)
2023-03-24 10:30:38 [main] DEBUG o.s.w.s.m.m.a.RequestMappingHandlerMapping -
				15 mappings in org.springframework.web.servlet.mvc.method.annotation.RequestMappingHandlerMapping
2023-03-24 10:30:38 [main] DEBUG o.s.w.s.m.m.a.RequestMappingHandlerAdapter -
				ControllerAdvice beans: 0 @ModelAttribute, 0 @InitBinder, 1 RequestBodyAdvice, 1 ResponseBodyAdvice
2023-03-24 10:30:38 [main] DEBUG o.s.w.s.m.m.a.ExceptionHandlerExceptionResolver -
				ControllerAdvice beans: 0 @ExceptionHandler, 1 ResponseBodyAdvice
2023-03-24 10:30:38 [main] INFO  o.s.mock.web.MockServletContext -
				Initializing Spring TestDispatcherServlet ''
2023-03-24 10:30:38 [main] INFO  o.s.t.w.s.TestDispatcherServlet -
				Initializing Servlet ''
2023-03-24 10:30:38 [main] DEBUG o.s.t.w.s.TestDispatcherServlet -
				Detected AcceptHeaderLocaleResolver
2023-03-24 10:30:38 [main] DEBUG o.s.t.w.s.TestDispatcherServlet -
				Detected FixedThemeResolver
2023-03-24 10:30:38 [main] DEBUG o.s.t.w.s.TestDispatcherServlet -
				Detected org.springframework.web.servlet.view.DefaultRequestToViewNameTranslator@7742a45c
2023-03-24 10:30:38 [main] DEBUG o.s.t.w.s.TestDispatcherServlet -
				Detected org.springframework.web.servlet.support.SessionFlashMapManager@7ca492d9
2023-03-24 10:30:38 [main] DEBUG o.s.t.w.s.TestDispatcherServlet -
				enableLoggingRequestDetails='false': request parameters and headers will be masked to prevent unsafe logging of potentially sensitive data
2023-03-24 10:30:38 [main] INFO  o.s.t.w.s.TestDispatcherServlet -
				Completed initialization in 1 ms
2023-03-24 10:30:38 [main] DEBUG o.s.t.w.s.TestDispatcherServlet -
				GET "/api/v1/purchased/viewAll", parameters={}
2023-03-24 10:30:38 [main] DEBUG o.s.w.s.m.m.a.RequestMappingHandlerMapping -
				Mapped to com.cgi.insurance.product_purchased_service.controller.ProductPurchasedController#getAllProductPurchased()
2023-03-24 10:30:38 [main] DEBUG o.s.w.s.m.m.a.HttpEntityMethodProcessor -
				Using 'application/json', given [*/*] and supported [application/json, application/*+json]
2023-03-24 10:30:38 [main] DEBUG o.s.w.s.m.m.a.HttpEntityMethodProcessor -
				Writing [[com.cgi.insurance.product_purchased_service.model.ProductPurchased@14fc9bd]]
2023-03-24 10:30:38 [main] DEBUG o.s.t.w.s.TestDispatcherServlet -
				Completed 200 OK
2023-03-24 10:30:38 [main] DEBUG o.h.v.m.ResourceBundleMessageInterpolator -
				Loaded expression factory via original TCCL
2023-03-24 10:30:38 [main] DEBUG o.h.v.i.e.AbstractConfigurationImpl -
				Setting custom MessageInterpolator of type org.springframework.validation.beanvalidation.LocaleContextMessageInterpolator
2023-03-24 10:30:38 [main] DEBUG o.h.v.i.x.config.ValidationXmlParser -
				Trying to load META-INF/validation.xml for XML based Validator configuration.
2023-03-24 10:30:38 [main] DEBUG o.h.v.i.x.c.ResourceLoaderHelper -
				Trying to load META-INF/validation.xml via TCCL
2023-03-24 10:30:38 [main] DEBUG o.h.v.i.x.c.ResourceLoaderHelper -
				Trying to load META-INF/validation.xml via Hibernate Validator's class loader
2023-03-24 10:30:38 [main] DEBUG o.h.v.i.x.config.ValidationXmlParser -
				No META-INF/validation.xml found. Using annotation based configuration only.
2023-03-24 10:30:38 [main] DEBUG o.h.v.i.e.r.TraversableResolvers -
				Cannot find jakarta.persistence.Persistence on classpath. Assuming non JPA 2 environment. All properties will per default be traversable.
2023-03-24 10:30:38 [main] DEBUG o.h.v.i.e.ValidatorFactoryConfigurationHelper -
				HV000252: Using org.hibernate.validator.internal.engine.DefaultPropertyNodeNameProvider as property node name provider.
2023-03-24 10:30:38 [main] DEBUG o.h.v.i.e.ValidatorFactoryConfigurationHelper -
				HV000234: Using org.springframework.validation.beanvalidation.LocaleContextMessageInterpolator as ValidatorFactory-scoped message interpolator.
2023-03-24 10:30:38 [main] DEBUG o.h.v.i.e.ValidatorFactoryConfigurationHelper -
				HV000234: Using org.hibernate.validator.internal.engine.resolver.TraverseAllTraversableResolver as ValidatorFactory-scoped traversable resolver.
2023-03-24 10:30:38 [main] DEBUG o.h.v.i.e.ValidatorFactoryConfigurationHelper -
				HV000234: Using org.hibernate.validator.internal.util.ExecutableParameterNameProvider as ValidatorFactory-scoped parameter name provider.
2023-03-24 10:30:38 [main] DEBUG o.h.v.i.e.ValidatorFactoryConfigurationHelper -
				HV000234: Using org.hibernate.validator.internal.engine.DefaultClockProvider as ValidatorFactory-scoped clock provider.
2023-03-24 10:30:38 [main] DEBUG o.h.v.i.e.ValidatorFactoryConfigurationHelper -
				HV000234: Using org.hibernate.validator.internal.engine.scripting.DefaultScriptEvaluatorFactory as ValidatorFactory-scoped script evaluator factory.
2023-03-24 10:30:38 [main] DEBUG _.s.w.s.HandlerMapping.Mappings -
				
	c.c.i.p.c.ProductPurchasedController:
	{DELETE [/api/v1/purchased/delete/{ppId}]}: deleteProductPurchased(String)
	{GET [/api/v1/purchased/view/client/{clientId}]}: getAllProductPurchasedByClientId(String)
	{GET [/api/v1/purchased/view/product/{productId}]}: getAllProductPurchasedByProductId(String)
	{GET [/api/v1/purchased/view/company/{companyId}]}: getAllProductPurchasedByCompanyId(String)
	{GET [/api/v1/purchased/view/id/{ppId}]}: getProductPurchasedByPPId(String)
	{PUT [/api/v1/purchased/update/{ppId}]}: updateProductPurchased(ProductPurchased,String)
	{GET [/api/v1/purchased/view/bundle/{bundleId}]}: getAllProductPurchasedByBundleId(String)
	{GET [/api/v1/purchased/viewAll]}: getAllProductPurchased()
	{POST [/api/v1/purchased/add]}: addProductPurchased(ProductPurchased)
	{GET [/api/v1/purchased/view/notbundle/client/{clientId}]}: getAllProductPurchasedByClientIdNotInBundles(String)
	{GET [/api/v1/purchased/view/bundle/{clientId}/{bundleId}]}: getALlProductPurchasedByClientIdAndBundleId(String,String)
	{GET [/api/v1/purchased/view/client/{clientId}/product/{productId}]}: getProductPurchasedByClientIdAndProductId(String,String)
	{GET [/api/v1/purchased/view/company/{companyId}/bundle/{bundleId}]}: getProductPurchasedByCompanyIdAndBundleId(String,String)
	{GET [/api/v1/purchased/view/client/{clientId}/date/{date}]}: getProductPurchasedByClientIdAndDate(String,LocalDate)
	{GET [/api/v1/purchased/view/company/{companyId}/product/{productId}]}: getProductPurchasedByCompanyIdAndProductId(String,String)
2023-03-24 10:30:38 [main] DEBUG o.s.w.s.m.m.a.RequestMappingHandlerMapping -
				15 mappings in org.springframework.web.servlet.mvc.method.annotation.RequestMappingHandlerMapping
2023-03-24 10:30:38 [main] DEBUG o.s.w.s.m.m.a.RequestMappingHandlerAdapter -
				ControllerAdvice beans: 0 @ModelAttribute, 0 @InitBinder, 1 RequestBodyAdvice, 1 ResponseBodyAdvice
2023-03-24 10:30:38 [main] DEBUG o.s.w.s.m.m.a.ExceptionHandlerExceptionResolver -
				ControllerAdvice beans: 0 @ExceptionHandler, 1 ResponseBodyAdvice
2023-03-24 10:30:38 [main] INFO  o.s.mock.web.MockServletContext -
				Initializing Spring TestDispatcherServlet ''
2023-03-24 10:30:38 [main] INFO  o.s.t.w.s.TestDispatcherServlet -
				Initializing Servlet ''
2023-03-24 10:30:38 [main] DEBUG o.s.t.w.s.TestDispatcherServlet -
				Detected AcceptHeaderLocaleResolver
2023-03-24 10:30:38 [main] DEBUG o.s.t.w.s.TestDispatcherServlet -
				Detected FixedThemeResolver
2023-03-24 10:30:38 [main] DEBUG o.s.t.w.s.TestDispatcherServlet -
				Detected org.springframework.web.servlet.view.DefaultRequestToViewNameTranslator@4a6c0f38
2023-03-24 10:30:38 [main] DEBUG o.s.t.w.s.TestDispatcherServlet -
				Detected org.springframework.web.servlet.support.SessionFlashMapManager@5f8a02cf
2023-03-24 10:30:38 [main] DEBUG o.s.t.w.s.TestDispatcherServlet -
				enableLoggingRequestDetails='false': request parameters and headers will be masked to prevent unsafe logging of potentially sensitive data
2023-03-24 10:30:38 [main] INFO  o.s.t.w.s.TestDispatcherServlet -
				Completed initialization in 1 ms
2023-03-24 10:30:38 [main] DEBUG o.s.t.w.s.TestDispatcherServlet -
				GET "/api/v1/purchased/view/bundle/bundle1", parameters={}
2023-03-24 10:30:38 [main] DEBUG o.s.w.s.m.m.a.RequestMappingHandlerMapping -
				Mapped to com.cgi.insurance.product_purchased_service.controller.ProductPurchasedController#getAllProductPurchasedByBundleId(String)
2023-03-24 10:30:38 [main] DEBUG o.s.w.s.m.m.a.HttpEntityMethodProcessor -
				Using 'application/json', given [*/*] and supported [application/json, application/*+json]
2023-03-24 10:30:38 [main] DEBUG o.s.w.s.m.m.a.HttpEntityMethodProcessor -
				Writing [[com.cgi.insurance.product_purchased_service.model.ProductPurchased@26d5a317]]
2023-03-24 10:30:38 [main] DEBUG o.s.t.w.s.TestDispatcherServlet -
				Completed 200 OK
