2023-03-24 15:13:49 [background-preinit] INFO  o.h.validator.internal.util.Version -
				HV000001: Hibernate Validator 8.0.0.Final
2023-03-24 15:13:49 [main] INFO  c.c.p.ProductMicroserviceApplication -
				Starting ProductMicroserviceApplication using Java 17.0.5 with PID 24552 (C:\Users\parth.patel1\Documents\workspace-spring-tool-suite-4-4.17.1.RELEASE\productMicroservice\target\classes started by parth.patel1 in C:\Users\parth.patel1\Documents\workspace-spring-tool-suite-4-4.17.1.RELEASE\productMicroservice)
2023-03-24 15:13:49 [main] INFO  c.c.p.ProductMicroserviceApplication -
				No active profile set, falling back to 1 default profile: "default"
2023-03-24 15:13:50 [main] INFO  o.s.d.r.c.RepositoryConfigurationDelegate -
				Bootstrapping Spring Data MongoDB repositories in DEFAULT mode.
2023-03-24 15:13:50 [main] INFO  o.s.d.r.c.RepositoryConfigurationDelegate -
				Finished Spring Data repository scanning in 115 ms. Found 1 MongoDB repository interfaces.
2023-03-24 15:13:50 [main] INFO  o.s.cloud.context.scope.GenericScope -
				BeanFactory id=ec4291c3-5348-343f-a4ae-92f970b4a7fb
2023-03-24 15:13:51 [main] INFO  o.s.b.w.e.tomcat.TomcatWebServer -
				Tomcat initialized with port(s): 9997 (http)
2023-03-24 15:13:51 [main] INFO  o.a.coyote.http11.Http11NioProtocol -
				Initializing ProtocolHandler ["http-nio-9997"]
2023-03-24 15:13:51 [main] INFO  o.a.catalina.core.StandardService -
				Starting service [Tomcat]
2023-03-24 15:13:51 [main] INFO  o.a.catalina.core.StandardEngine -
				Starting Servlet engine: [Apache Tomcat/10.1.5]
2023-03-24 15:13:51 [main] INFO  o.a.c.c.C.[Tomcat].[localhost].[/] -
				Initializing Spring embedded WebApplicationContext
2023-03-24 15:13:51 [main] INFO  o.s.b.w.s.c.ServletWebServerApplicationContext -
				Root WebApplicationContext: initialization completed in 1181 ms
2023-03-24 15:13:51 [main] INFO  org.mongodb.driver.client -
				MongoClient with metadata {"driver": {"name": "mongo-java-driver|sync|spring-boot", "version": "4.8.2"}, "os": {"type": "Windows", "name": "Windows 10", "architecture": "amd64", "version": "10.0"}, "platform": "Java/Eclipse Adoptium/17.0.5+8"} created with settings MongoClientSettings{readPreference=primary, writeConcern=WriteConcern{w=null, wTimeout=null ms, journal=null}, retryWrites=true, retryReads=true, readConcern=ReadConcern{level=null}, credential=null, streamFactoryFactory=null, commandListeners=[], codecRegistry=ProvidersCodecRegistry{codecProviders=[ValueCodecProvider{}, BsonValueCodecProvider{}, DBRefCodecProvider{}, DBObjectCodecProvider{}, DocumentCodecProvider{}, CollectionCodecProvider{}, IterableCodecProvider{}, MapCodecProvider{}, GeoJsonCodecProvider{}, GridFSFileCodecProvider{}, Jsr310CodecProvider{}, JsonObjectCodecProvider{}, BsonCodecProvider{}, EnumCodecProvider{}, com.mongodb.Jep395RecordCodecProvider@1c00d406]}, clusterSettings={hosts=[localhost:27017], srvServiceName=mongodb, mode=SINGLE, requiredClusterType=UNKNOWN, requiredReplicaSetName='null', serverSelector='null', clusterListeners='[]', serverSelectionTimeout='30000 ms', localThreshold='30000 ms'}, socketSettings=SocketSettings{connectTimeoutMS=10000, readTimeoutMS=0, receiveBufferSize=0, sendBufferSize=0}, heartbeatSocketSettings=SocketSettings{connectTimeoutMS=10000, readTimeoutMS=10000, receiveBufferSize=0, sendBufferSize=0}, connectionPoolSettings=ConnectionPoolSettings{maxSize=100, minSize=0, maxWaitTimeMS=120000, maxConnectionLifeTimeMS=0, maxConnectionIdleTimeMS=0, maintenanceInitialDelayMS=0, maintenanceFrequencyMS=60000, connectionPoolListeners=[], maxConnecting=2}, serverSettings=ServerSettings{heartbeatFrequencyMS=10000, minHeartbeatFrequencyMS=500, serverListeners='[]', serverMonitorListeners='[]'}, sslSettings=SslSettings{enabled=false, invalidHostNameAllowed=false, context=null}, applicationName='null', compressorList=[], uuidRepresentation=JAVA_LEGACY, serverApi=null, autoEncryptionSettings=null, contextProvider=null}
2023-03-24 15:13:51 [cluster-ClusterId{value='641df66f525c4607fae90b1d', description='null'}-localhost:27017] INFO  org.mongodb.driver.cluster -
				Monitor thread successfully connected to server with description ServerDescription{address=localhost:27017, type=STANDALONE, state=CONNECTED, ok=true, minWireVersion=0, maxWireVersion=17, maxDocumentSize=16777216, logicalSessionTimeoutMinutes=30, roundTripTimeNanos=14805300}
2023-03-24 15:13:52 [main] INFO  o.s.c.n.e.c.DiscoveryClientOptionalArgsConfiguration -
				Eureka HTTP Client uses RestTemplate.
2023-03-24 15:13:52 [main] WARN  o.s.c.l.c.LoadBalancerCacheAutoConfiguration$LoadBalancerCaffeineWarnLogger -
				Spring Cloud LoadBalancer is currently working with the default cache. While this cache implementation is useful for development and tests, it's recommended to use Caffeine cache in production.You can switch to using Caffeine cache, by adding it and org.springframework.cache.caffeine.CaffeineCacheManager to the classpath.
2023-03-24 15:13:52 [main] INFO  o.s.c.n.eureka.InstanceInfoFactory -
				Setting initial instance status as: STARTING
2023-03-24 15:13:52 [main] INFO  c.netflix.discovery.DiscoveryClient -
				Initializing Eureka in region us-east-1
2023-03-24 15:13:52 [main] INFO  c.n.d.s.r.aws.ConfigClusterResolver -
				Resolving eureka endpoints via configuration
2023-03-24 15:13:52 [main] INFO  c.netflix.discovery.DiscoveryClient -
				Disable delta property : false
2023-03-24 15:13:52 [main] INFO  c.netflix.discovery.DiscoveryClient -
				Single vip registry refresh property : null
2023-03-24 15:13:52 [main] INFO  c.netflix.discovery.DiscoveryClient -
				Force full registry fetch : false
2023-03-24 15:13:52 [main] INFO  c.netflix.discovery.DiscoveryClient -
				Application is null : false
2023-03-24 15:13:52 [main] INFO  c.netflix.discovery.DiscoveryClient -
				Registered Applications size is zero : true
2023-03-24 15:13:52 [main] INFO  c.netflix.discovery.DiscoveryClient -
				Application version is -1: true
2023-03-24 15:13:52 [main] INFO  c.netflix.discovery.DiscoveryClient -
				Getting all instance registry info from the eureka server
2023-03-24 15:13:53 [main] INFO  c.netflix.discovery.DiscoveryClient -
				The response status is 200
2023-03-24 15:13:53 [main] INFO  c.netflix.discovery.DiscoveryClient -
				Starting heartbeat executor: renew interval is: 30
2023-03-24 15:13:53 [main] INFO  c.n.discovery.InstanceInfoReplicator -
				InstanceInfoReplicator onDemand update allowed rate per min is 4
2023-03-24 15:13:53 [main] INFO  c.netflix.discovery.DiscoveryClient -
				Discovery Client initialized at timestamp 1679685233104 with initial instances count: 0
2023-03-24 15:13:53 [main] INFO  o.s.c.n.e.s.EurekaServiceRegistry -
				Registering application PRODUCTMICROSERVICE with eureka with status UP
2023-03-24 15:13:53 [main] INFO  c.netflix.discovery.DiscoveryClient -
				Saw local status change event StatusChangeEvent [timestamp=1679685233107, current=UP, previous=STARTING]
2023-03-24 15:13:53 [main] INFO  o.a.coyote.http11.Http11NioProtocol -
				Starting ProtocolHandler ["http-nio-9997"]
2023-03-24 15:13:53 [DiscoveryClient-InstanceInfoReplicator-0] INFO  c.netflix.discovery.DiscoveryClient -
				DiscoveryClient_PRODUCTMICROSERVICE/CA-L49R2JR3.groupinfra.com:ProductMicroservice:9997: registering service...
2023-03-24 15:13:53 [main] INFO  o.s.b.w.e.tomcat.TomcatWebServer -
				Tomcat started on port(s): 9997 (http) with context path ''
2023-03-24 15:13:53 [main] INFO  o.s.c.n.e.s.EurekaAutoServiceRegistration -
				Updating port to 9997
2023-03-24 15:13:53 [DiscoveryClient-InstanceInfoReplicator-0] INFO  c.netflix.discovery.DiscoveryClient -
				DiscoveryClient_PRODUCTMICROSERVICE/CA-L49R2JR3.groupinfra.com:ProductMicroservice:9997 - registration status: 204
2023-03-24 15:13:53 [main] INFO  c.c.p.ProductMicroserviceApplication -
				Started ProductMicroserviceApplication in 3.781 seconds (process running for 4.505)
2023-03-24 15:14:23 [DiscoveryClient-CacheRefreshExecutor-0] INFO  c.netflix.discovery.DiscoveryClient -
				Disable delta property : false
2023-03-24 15:14:23 [DiscoveryClient-CacheRefreshExecutor-0] INFO  c.netflix.discovery.DiscoveryClient -
				Single vip registry refresh property : null
2023-03-24 15:14:23 [DiscoveryClient-CacheRefreshExecutor-0] INFO  c.netflix.discovery.DiscoveryClient -
				Force full registry fetch : false
2023-03-24 15:14:23 [DiscoveryClient-CacheRefreshExecutor-0] INFO  c.netflix.discovery.DiscoveryClient -
				Application is null : false
2023-03-24 15:14:23 [DiscoveryClient-CacheRefreshExecutor-0] INFO  c.netflix.discovery.DiscoveryClient -
				Registered Applications size is zero : true
2023-03-24 15:14:23 [DiscoveryClient-CacheRefreshExecutor-0] INFO  c.netflix.discovery.DiscoveryClient -
				Application version is -1: false
2023-03-24 15:14:23 [DiscoveryClient-CacheRefreshExecutor-0] INFO  c.netflix.discovery.DiscoveryClient -
				Getting all instance registry info from the eureka server
2023-03-24 15:14:23 [DiscoveryClient-CacheRefreshExecutor-0] INFO  c.netflix.discovery.DiscoveryClient -
				The response status is 200
2023-03-24 15:18:52 [AsyncResolver-bootstrap-executor-0] INFO  c.n.d.s.r.aws.ConfigClusterResolver -
				Resolving eureka endpoints via configuration
