2023-03-23 17:55:27 [main] INFO  c.c.b.BundleserviceApplication -
				Starting BundleserviceApplication using Java 17.0.5 with PID 16956 (C:\CGI\Stack\GITPARTS\bundleservice\target\classes started by vipul.darji in C:\CGI\Stack\GITPARTS\bundleservice)
2023-03-23 17:55:27 [main] INFO  c.c.b.BundleserviceApplication -
				No active profile set, falling back to 1 default profile: "default"
2023-03-23 17:55:28 [main] INFO  o.s.d.r.c.RepositoryConfigurationDelegate -
				Bootstrapping Spring Data MongoDB repositories in DEFAULT mode.
2023-03-23 17:55:28 [main] INFO  o.s.d.r.c.RepositoryConfigurationDelegate -
				Finished Spring Data repository scanning in 71 ms. Found 1 MongoDB repository interfaces.
2023-03-23 17:55:29 [main] INFO  o.s.b.w.e.tomcat.TomcatWebServer -
				Tomcat initialized with port(s): 9095 (http)
2023-03-23 17:55:29 [main] INFO  o.a.coyote.http11.Http11NioProtocol -
				Initializing ProtocolHandler ["http-nio-9095"]
2023-03-23 17:55:29 [main] INFO  o.a.catalina.core.StandardService -
				Starting service [Tomcat]
2023-03-23 17:55:29 [main] INFO  o.a.catalina.core.StandardEngine -
				Starting Servlet engine: [Apache Tomcat/10.1.5]
2023-03-23 17:55:29 [main] INFO  o.a.c.c.C.[Tomcat].[localhost].[/] -
				Initializing Spring embedded WebApplicationContext
2023-03-23 17:55:29 [main] INFO  o.s.b.w.s.c.ServletWebServerApplicationContext -
				Root WebApplicationContext: initialization completed in 1587 ms
2023-03-23 17:55:29 [main] INFO  org.mongodb.driver.client -
				MongoClient with metadata {"driver": {"name": "mongo-java-driver|sync|spring-boot", "version": "4.8.2"}, "os": {"type": "Windows", "name": "Windows 10", "architecture": "amd64", "version": "10.0"}, "platform": "Java/Eclipse Adoptium/17.0.5+8"} created with settings MongoClientSettings{readPreference=primary, writeConcern=WriteConcern{w=null, wTimeout=null ms, journal=null}, retryWrites=true, retryReads=true, readConcern=ReadConcern{level=null}, credential=null, streamFactoryFactory=null, commandListeners=[], codecRegistry=ProvidersCodecRegistry{codecProviders=[ValueCodecProvider{}, BsonValueCodecProvider{}, DBRefCodecProvider{}, DBObjectCodecProvider{}, DocumentCodecProvider{}, CollectionCodecProvider{}, IterableCodecProvider{}, MapCodecProvider{}, GeoJsonCodecProvider{}, GridFSFileCodecProvider{}, Jsr310CodecProvider{}, JsonObjectCodecProvider{}, BsonCodecProvider{}, EnumCodecProvider{}, com.mongodb.Jep395RecordCodecProvider@718fd7c1]}, clusterSettings={hosts=[localhost:27017], srvServiceName=mongodb, mode=SINGLE, requiredClusterType=UNKNOWN, requiredReplicaSetName='null', serverSelector='null', clusterListeners='[]', serverSelectionTimeout='30000 ms', localThreshold='30000 ms'}, socketSettings=SocketSettings{connectTimeoutMS=10000, readTimeoutMS=0, receiveBufferSize=0, sendBufferSize=0}, heartbeatSocketSettings=SocketSettings{connectTimeoutMS=10000, readTimeoutMS=10000, receiveBufferSize=0, sendBufferSize=0}, connectionPoolSettings=ConnectionPoolSettings{maxSize=100, minSize=0, maxWaitTimeMS=120000, maxConnectionLifeTimeMS=0, maxConnectionIdleTimeMS=0, maintenanceInitialDelayMS=0, maintenanceFrequencyMS=60000, connectionPoolListeners=[], maxConnecting=2}, serverSettings=ServerSettings{heartbeatFrequencyMS=10000, minHeartbeatFrequencyMS=500, serverListeners='[]', serverMonitorListeners='[]'}, sslSettings=SslSettings{enabled=false, invalidHostNameAllowed=false, context=null}, applicationName='null', compressorList=[], uuidRepresentation=JAVA_LEGACY, serverApi=null, autoEncryptionSettings=null, contextProvider=null}
2023-03-23 17:55:29 [cluster-ClusterId{value='641ccad1b633603e6048bac6', description='null'}-localhost:27017] INFO  org.mongodb.driver.cluster -
				Monitor thread successfully connected to server with description ServerDescription{address=localhost:27017, type=STANDALONE, state=CONNECTED, ok=true, minWireVersion=0, maxWireVersion=17, maxDocumentSize=16777216, logicalSessionTimeoutMinutes=30, roundTripTimeNanos=24525400}
2023-03-23 17:55:30 [main] INFO  o.a.coyote.http11.Http11NioProtocol -
				Starting ProtocolHandler ["http-nio-9095"]
2023-03-23 17:55:30 [main] INFO  o.s.b.w.e.tomcat.TomcatWebServer -
				Tomcat started on port(s): 9095 (http) with context path ''
2023-03-23 17:55:30 [main] INFO  c.c.b.BundleserviceApplication -
				Started BundleserviceApplication in 3.147 seconds (process running for 3.758)
2023-03-23 17:55:43 [http-nio-9095-exec-1] INFO  o.a.c.c.C.[Tomcat].[localhost].[/] -
				Initializing Spring DispatcherServlet 'dispatcherServlet'
2023-03-23 17:55:43 [http-nio-9095-exec-1] INFO  o.s.web.servlet.DispatcherServlet -
				Initializing Servlet 'dispatcherServlet'
2023-03-23 17:55:43 [http-nio-9095-exec-1] INFO  o.s.web.servlet.DispatcherServlet -
				Completed initialization in 1 ms
2023-03-23 17:55:43 [http-nio-9095-exec-1] INFO  c.c.bundleservice.aspect.AspectLogs -
				Calling method: getAllBundles
2023-03-23 17:55:43 [http-nio-9095-exec-1] INFO  c.c.bundleservice.aspect.AspectLogs -
				With arguments: []
2023-03-23 17:55:43 [http-nio-9095-exec-1] INFO  c.c.bundleservice.aspect.AspectLogs -
				Finished calling method: getAllBundles
2023-03-23 17:55:48 [http-nio-9095-exec-3] INFO  c.c.bundleservice.aspect.AspectLogs -
				Calling method: createBundle
2023-03-23 17:55:48 [http-nio-9095-exec-3] INFO  c.c.bundleservice.aspect.AspectLogs -
				With arguments: [com.cgi.bundleservice.model.Bundle@1e3b9160]
2023-03-23 17:55:48 [http-nio-9095-exec-3] INFO  c.c.bundleservice.aspect.AspectLogs -
				Finished calling method: createBundle
2023-03-23 17:55:52 [http-nio-9095-exec-4] INFO  c.c.bundleservice.aspect.AspectLogs -
				Calling method: updateBundle
2023-03-23 17:55:52 [http-nio-9095-exec-4] INFO  c.c.bundleservice.aspect.AspectLogs -
				With arguments: [b3, com.cgi.bundleservice.model.Bundle@4a181067]
2023-03-23 17:55:52 [http-nio-9095-exec-4] INFO  c.c.bundleservice.aspect.AspectLogs -
				Finished calling method: updateBundle
2023-03-23 17:55:56 [http-nio-9095-exec-6] INFO  c.c.bundleservice.aspect.AspectLogs -
				Calling method: viewBundleByCompanyId
2023-03-23 17:55:56 [http-nio-9095-exec-6] INFO  c.c.bundleservice.aspect.AspectLogs -
				With arguments: [5, b4]
2023-03-23 17:55:56 [http-nio-9095-exec-6] INFO  c.c.bundleservice.aspect.AspectLogs -
				Finished calling method: viewBundleByCompanyId
2023-03-23 17:56:07 [http-nio-9095-exec-5] INFO  c.c.bundleservice.aspect.AspectLogs -
				Calling method: getAllBundles
2023-03-23 17:56:07 [http-nio-9095-exec-5] INFO  c.c.bundleservice.aspect.AspectLogs -
				With arguments: []
2023-03-23 17:56:07 [http-nio-9095-exec-5] INFO  c.c.bundleservice.aspect.AspectLogs -
				Finished calling method: getAllBundles
2023-03-23 17:56:13 [http-nio-9095-exec-7] INFO  c.c.bundleservice.aspect.AspectLogs -
				Calling method: getBundleById
2023-03-23 17:56:13 [http-nio-9095-exec-7] INFO  c.c.bundleservice.aspect.AspectLogs -
				With arguments: [b4]
2023-03-23 17:56:13 [http-nio-9095-exec-7] INFO  c.c.bundleservice.aspect.AspectLogs -
				Finished calling method: getBundleById
2023-03-23 17:56:18 [http-nio-9095-exec-8] INFO  c.c.bundleservice.aspect.AspectLogs -
				Calling method: createBundle
2023-03-23 17:56:18 [http-nio-9095-exec-8] INFO  c.c.bundleservice.aspect.AspectLogs -
				With arguments: [com.cgi.bundleservice.model.Bundle@e5c18b1]
2023-03-23 17:56:18 [http-nio-9095-exec-8] INFO  c.c.bundleservice.aspect.AspectLogs -
				Finished calling method: createBundle
2023-03-23 17:56:22 [http-nio-9095-exec-9] INFO  c.c.bundleservice.aspect.AspectLogs -
				Calling method: updateBundle
2023-03-23 17:56:22 [http-nio-9095-exec-9] INFO  c.c.bundleservice.aspect.AspectLogs -
				With arguments: [b3, com.cgi.bundleservice.model.Bundle@37f26bae]
2023-03-23 17:56:22 [http-nio-9095-exec-9] INFO  c.c.bundleservice.aspect.AspectLogs -
				Finished calling method: updateBundle
2023-03-23 17:56:25 [http-nio-9095-exec-10] INFO  c.c.bundleservice.aspect.AspectLogs -
				Calling method: deleteBundle
2023-03-23 17:56:25 [http-nio-9095-exec-10] INFO  c.c.bundleservice.aspect.AspectLogs -
				With arguments: [b3]
2023-03-23 17:56:25 [http-nio-9095-exec-10] INFO  c.c.bundleservice.aspect.AspectLogs -
				Finished calling method: deleteBundle
