2023-03-24 11:44:14 [main] INFO  o.s.t.c.s.AnnotationConfigContextLoaderUtils -
				Could not detect default configuration classes for test class [com.cgi.bundleservice.BundleserviceApplicationTests]: BundleserviceApplicationTests does not declare any static, non-private, non-final, nested classes annotated with @Configuration.
2023-03-24 11:44:14 [main] INFO  o.s.b.t.c.SpringBootTestContextBootstrapper -
				Found @SpringBootConfiguration com.cgi.bundleservice.BundleserviceApplication for test class com.cgi.bundleservice.BundleserviceApplicationTests
2023-03-24 11:44:14 [main] INFO  c.c.b.BundleserviceApplicationTests -
				Starting BundleserviceApplicationTests using Java 17.0.5 with PID 20460 (started by vipul.darji in C:\CGI\Stack\GITPARTS\bundleservice)
2023-03-24 11:44:14 [main] INFO  c.c.b.BundleserviceApplicationTests -
				No active profile set, falling back to 1 default profile: "default"
2023-03-24 11:44:16 [main] INFO  o.s.d.r.c.RepositoryConfigurationDelegate -
				Bootstrapping Spring Data MongoDB repositories in DEFAULT mode.
2023-03-24 11:44:16 [main] INFO  o.s.d.r.c.RepositoryConfigurationDelegate -
				Finished Spring Data repository scanning in 97 ms. Found 1 MongoDB repository interfaces.
2023-03-24 11:44:17 [main] INFO  org.mongodb.driver.client -
				MongoClient with metadata {"driver": {"name": "mongo-java-driver|sync|spring-boot", "version": "4.8.2"}, "os": {"type": "Windows", "name": "Windows 10", "architecture": "amd64", "version": "10.0"}, "platform": "Java/Eclipse Adoptium/17.0.5+8"} created with settings MongoClientSettings{readPreference=primary, writeConcern=WriteConcern{w=null, wTimeout=null ms, journal=null}, retryWrites=true, retryReads=true, readConcern=ReadConcern{level=null}, credential=null, streamFactoryFactory=null, commandListeners=[], codecRegistry=ProvidersCodecRegistry{codecProviders=[ValueCodecProvider{}, BsonValueCodecProvider{}, DBRefCodecProvider{}, DBObjectCodecProvider{}, DocumentCodecProvider{}, CollectionCodecProvider{}, IterableCodecProvider{}, MapCodecProvider{}, GeoJsonCodecProvider{}, GridFSFileCodecProvider{}, Jsr310CodecProvider{}, JsonObjectCodecProvider{}, BsonCodecProvider{}, EnumCodecProvider{}, com.mongodb.Jep395RecordCodecProvider@4c731956]}, clusterSettings={hosts=[localhost:27017], srvServiceName=mongodb, mode=SINGLE, requiredClusterType=UNKNOWN, requiredReplicaSetName='null', serverSelector='null', clusterListeners='[]', serverSelectionTimeout='30000 ms', localThreshold='30000 ms'}, socketSettings=SocketSettings{connectTimeoutMS=10000, readTimeoutMS=0, receiveBufferSize=0, sendBufferSize=0}, heartbeatSocketSettings=SocketSettings{connectTimeoutMS=10000, readTimeoutMS=10000, receiveBufferSize=0, sendBufferSize=0}, connectionPoolSettings=ConnectionPoolSettings{maxSize=100, minSize=0, maxWaitTimeMS=120000, maxConnectionLifeTimeMS=0, maxConnectionIdleTimeMS=0, maintenanceInitialDelayMS=0, maintenanceFrequencyMS=60000, connectionPoolListeners=[], maxConnecting=2}, serverSettings=ServerSettings{heartbeatFrequencyMS=10000, minHeartbeatFrequencyMS=500, serverListeners='[]', serverMonitorListeners='[]'}, sslSettings=SslSettings{enabled=false, invalidHostNameAllowed=false, context=null}, applicationName='null', compressorList=[], uuidRepresentation=JAVA_LEGACY, serverApi=null, autoEncryptionSettings=null, contextProvider=null}
2023-03-24 11:44:17 [cluster-ClusterId{value='641dc55104ff4a497a45e5fd', description='null'}-localhost:27017] INFO  org.mongodb.driver.cluster -
				Monitor thread successfully connected to server with description ServerDescription{address=localhost:27017, type=STANDALONE, state=CONNECTED, ok=true, minWireVersion=0, maxWireVersion=17, maxDocumentSize=16777216, logicalSessionTimeoutMinutes=30, roundTripTimeNanos=49059200}
2023-03-24 11:44:19 [main] INFO  c.c.b.BundleserviceApplicationTests -
				Started BundleserviceApplicationTests in 4.762 seconds (process running for 6.845)
2023-03-24 11:44:20 [main] INFO  o.s.t.c.s.AnnotationConfigContextLoaderUtils -
				Could not detect default configuration classes for test class [com.cgi.bundleservice.controller.BundleControllerTest]: BundleControllerTest does not declare any static, non-private, non-final, nested classes annotated with @Configuration.
2023-03-24 11:44:20 [main] INFO  o.s.b.t.c.SpringBootTestContextBootstrapper -
				Found @SpringBootConfiguration com.cgi.bundleservice.BundleserviceApplication for test class com.cgi.bundleservice.controller.BundleControllerTest
2023-03-24 11:44:20 [main] INFO  c.c.b.c.BundleControllerTest -
				Starting BundleControllerTest using Java 17.0.5 with PID 20460 (started by vipul.darji in C:\CGI\Stack\GITPARTS\bundleservice)
2023-03-24 11:44:20 [main] INFO  c.c.b.c.BundleControllerTest -
				No active profile set, falling back to 1 default profile: "default"
2023-03-24 11:44:20 [main] INFO  o.s.d.r.c.RepositoryConfigurationDelegate -
				Bootstrapping Spring Data MongoDB repositories in DEFAULT mode.
2023-03-24 11:44:20 [main] INFO  o.s.d.r.c.RepositoryConfigurationDelegate -
				Finished Spring Data repository scanning in 17 ms. Found 1 MongoDB repository interfaces.
2023-03-24 11:44:20 [main] INFO  org.mongodb.driver.client -
				MongoClient with metadata {"driver": {"name": "mongo-java-driver|sync|spring-boot", "version": "4.8.2"}, "os": {"type": "Windows", "name": "Windows 10", "architecture": "amd64", "version": "10.0"}, "platform": "Java/Eclipse Adoptium/17.0.5+8"} created with settings MongoClientSettings{readPreference=primary, writeConcern=WriteConcern{w=null, wTimeout=null ms, journal=null}, retryWrites=true, retryReads=true, readConcern=ReadConcern{level=null}, credential=null, streamFactoryFactory=null, commandListeners=[], codecRegistry=ProvidersCodecRegistry{codecProviders=[ValueCodecProvider{}, BsonValueCodecProvider{}, DBRefCodecProvider{}, DBObjectCodecProvider{}, DocumentCodecProvider{}, CollectionCodecProvider{}, IterableCodecProvider{}, MapCodecProvider{}, GeoJsonCodecProvider{}, GridFSFileCodecProvider{}, Jsr310CodecProvider{}, JsonObjectCodecProvider{}, BsonCodecProvider{}, EnumCodecProvider{}, com.mongodb.Jep395RecordCodecProvider@4c731956]}, clusterSettings={hosts=[localhost:27017], srvServiceName=mongodb, mode=SINGLE, requiredClusterType=UNKNOWN, requiredReplicaSetName='null', serverSelector='null', clusterListeners='[]', serverSelectionTimeout='30000 ms', localThreshold='30000 ms'}, socketSettings=SocketSettings{connectTimeoutMS=10000, readTimeoutMS=0, receiveBufferSize=0, sendBufferSize=0}, heartbeatSocketSettings=SocketSettings{connectTimeoutMS=10000, readTimeoutMS=10000, receiveBufferSize=0, sendBufferSize=0}, connectionPoolSettings=ConnectionPoolSettings{maxSize=100, minSize=0, maxWaitTimeMS=120000, maxConnectionLifeTimeMS=0, maxConnectionIdleTimeMS=0, maintenanceInitialDelayMS=0, maintenanceFrequencyMS=60000, connectionPoolListeners=[], maxConnecting=2}, serverSettings=ServerSettings{heartbeatFrequencyMS=10000, minHeartbeatFrequencyMS=500, serverListeners='[]', serverMonitorListeners='[]'}, sslSettings=SslSettings{enabled=false, invalidHostNameAllowed=false, context=null}, applicationName='null', compressorList=[], uuidRepresentation=JAVA_LEGACY, serverApi=null, autoEncryptionSettings=null, contextProvider=null}
2023-03-24 11:44:20 [cluster-ClusterId{value='641dc55404ff4a497a45e5fe', description='null'}-localhost:27017] INFO  org.mongodb.driver.cluster -
				Monitor thread successfully connected to server with description ServerDescription{address=localhost:27017, type=STANDALONE, state=CONNECTED, ok=true, minWireVersion=0, maxWireVersion=17, maxDocumentSize=16777216, logicalSessionTimeoutMinutes=30, roundTripTimeNanos=4258200}
2023-03-24 11:44:20 [main] INFO  o.s.b.t.m.w.SpringBootMockServletContext -
				Initializing Spring TestDispatcherServlet ''
2023-03-24 11:44:20 [main] INFO  o.s.t.w.s.TestDispatcherServlet -
				Initializing Servlet ''
2023-03-24 11:44:20 [main] INFO  o.s.t.w.s.TestDispatcherServlet -
				Completed initialization in 2 ms
2023-03-24 11:44:20 [main] INFO  c.c.b.c.BundleControllerTest -
				Started BundleControllerTest in 0.724 seconds (process running for 8.443)
2023-03-24 11:44:21 [main] INFO  c.c.bundleservice.aspect.AspectLogs -
				Calling method: getBundleById
2023-03-24 11:44:21 [main] INFO  c.c.bundleservice.aspect.AspectLogs -
				With arguments: [bundle-001]
2023-03-24 11:44:21 [main] INFO  c.c.bundleservice.aspect.AspectLogs -
				Finished calling method: getBundleById
2023-03-24 11:44:21 [main] INFO  c.c.bundleservice.aspect.AspectLogs -
				Calling method: getAllBundles
2023-03-24 11:44:21 [main] INFO  c.c.bundleservice.aspect.AspectLogs -
				With arguments: []
2023-03-24 11:44:21 [main] INFO  c.c.bundleservice.aspect.AspectLogs -
				Finished calling method: getAllBundles
2023-03-24 11:44:21 [main] INFO  c.c.bundleservice.aspect.AspectLogs -
				Calling method: updateBundle
2023-03-24 11:44:21 [main] INFO  c.c.bundleservice.aspect.AspectLogs -
				With arguments: [bundle-001, com.cgi.bundleservice.model.Bundle@84becbe]
2023-03-24 11:44:22 [main] INFO  c.c.bundleservice.aspect.AspectLogs -
				Finished calling method: updateBundle
2023-03-24 11:44:22 [main] INFO  c.c.bundleservice.aspect.AspectLogs -
				Calling method: deleteBundle
2023-03-24 11:44:22 [main] INFO  c.c.bundleservice.aspect.AspectLogs -
				With arguments: [bundle-001]
2023-03-24 11:44:22 [main] INFO  c.c.bundleservice.aspect.AspectLogs -
				Finished calling method: deleteBundle
2023-03-24 11:44:22 [main] INFO  c.c.bundleservice.aspect.AspectLogs -
				Calling method: createBundle
2023-03-24 11:44:22 [main] INFO  c.c.bundleservice.aspect.AspectLogs -
				With arguments: [com.cgi.bundleservice.model.Bundle@49005dc4]
2023-03-24 11:44:22 [main] INFO  c.c.bundleservice.aspect.AspectLogs -
				Finished calling method: createBundle
2023-03-24 11:44:22 [main] INFO  o.s.t.c.s.AnnotationConfigContextLoaderUtils -
				Could not detect default configuration classes for test class [com.cgi.bundleservice.service.BundleServiceImplTest]: BundleServiceImplTest does not declare any static, non-private, non-final, nested classes annotated with @Configuration.
2023-03-24 11:44:22 [main] INFO  o.s.b.t.c.SpringBootTestContextBootstrapper -
				Found @SpringBootConfiguration com.cgi.bundleservice.BundleserviceApplication for test class com.cgi.bundleservice.service.BundleServiceImplTest
2023-03-24 11:44:22 [main] INFO  c.c.b.service.BundleServiceImplTest -
				Starting BundleServiceImplTest using Java 17.0.5 with PID 20460 (started by vipul.darji in C:\CGI\Stack\GITPARTS\bundleservice)
2023-03-24 11:44:22 [main] INFO  c.c.b.service.BundleServiceImplTest -
				The following 1 profile is active: "test"
2023-03-24 11:44:22 [main] INFO  o.s.d.r.c.RepositoryConfigurationDelegate -
				Bootstrapping Spring Data MongoDB repositories in DEFAULT mode.
2023-03-24 11:44:22 [main] INFO  o.s.d.r.c.RepositoryConfigurationDelegate -
				Finished Spring Data repository scanning in 18 ms. Found 1 MongoDB repository interfaces.
2023-03-24 11:44:22 [main] INFO  org.mongodb.driver.client -
				MongoClient with metadata {"driver": {"name": "mongo-java-driver|sync|spring-boot", "version": "4.8.2"}, "os": {"type": "Windows", "name": "Windows 10", "architecture": "amd64", "version": "10.0"}, "platform": "Java/Eclipse Adoptium/17.0.5+8"} created with settings MongoClientSettings{readPreference=primary, writeConcern=WriteConcern{w=null, wTimeout=null ms, journal=null}, retryWrites=true, retryReads=true, readConcern=ReadConcern{level=null}, credential=null, streamFactoryFactory=null, commandListeners=[], codecRegistry=ProvidersCodecRegistry{codecProviders=[ValueCodecProvider{}, BsonValueCodecProvider{}, DBRefCodecProvider{}, DBObjectCodecProvider{}, DocumentCodecProvider{}, CollectionCodecProvider{}, IterableCodecProvider{}, MapCodecProvider{}, GeoJsonCodecProvider{}, GridFSFileCodecProvider{}, Jsr310CodecProvider{}, JsonObjectCodecProvider{}, BsonCodecProvider{}, EnumCodecProvider{}, com.mongodb.Jep395RecordCodecProvider@4c731956]}, clusterSettings={hosts=[localhost:27017], srvServiceName=mongodb, mode=SINGLE, requiredClusterType=UNKNOWN, requiredReplicaSetName='null', serverSelector='null', clusterListeners='[]', serverSelectionTimeout='30000 ms', localThreshold='30000 ms'}, socketSettings=SocketSettings{connectTimeoutMS=10000, readTimeoutMS=0, receiveBufferSize=0, sendBufferSize=0}, heartbeatSocketSettings=SocketSettings{connectTimeoutMS=10000, readTimeoutMS=10000, receiveBufferSize=0, sendBufferSize=0}, connectionPoolSettings=ConnectionPoolSettings{maxSize=100, minSize=0, maxWaitTimeMS=120000, maxConnectionLifeTimeMS=0, maxConnectionIdleTimeMS=0, maintenanceInitialDelayMS=0, maintenanceFrequencyMS=60000, connectionPoolListeners=[], maxConnecting=2}, serverSettings=ServerSettings{heartbeatFrequencyMS=10000, minHeartbeatFrequencyMS=500, serverListeners='[]', serverMonitorListeners='[]'}, sslSettings=SslSettings{enabled=false, invalidHostNameAllowed=false, context=null}, applicationName='null', compressorList=[], uuidRepresentation=JAVA_LEGACY, serverApi=null, autoEncryptionSettings=null, contextProvider=null}
2023-03-24 11:44:22 [cluster-ClusterId{value='641dc55604ff4a497a45e5ff', description='null'}-localhost:27017] INFO  org.mongodb.driver.cluster -
				Monitor thread successfully connected to server with description ServerDescription{address=localhost:27017, type=STANDALONE, state=CONNECTED, ok=true, minWireVersion=0, maxWireVersion=17, maxDocumentSize=16777216, logicalSessionTimeoutMinutes=30, roundTripTimeNanos=3536300}
2023-03-24 11:44:22 [main] INFO  c.c.b.service.BundleServiceImplTest -
				Started BundleServiceImplTest in 0.69 seconds (process running for 10.373)
